2023-03-27 20:09:46,745 [Worker-2: Loading available Gradle versions] INFO  o.e.b.c.i.u.g.PublishedGradleVersions - Gradle version information cache is up-to-date. Trying to read.
2023-03-27 20:10:17,651 [Worker-13: Importing Maven projects] INFO  o.e.m.c.i.l.LifecycleMappingFactory - Using org.eclipse.m2e.jdt.JarLifecycleMapping lifecycle mapping for MavenProject: com.apigateway:apigatewayService:0.0.1-SNAPSHOT @ D:\sts_workspace\microservices\hotelmanagementsystem\apigateway_service\apigatewayService\pom.xml.
2023-03-27 20:10:26,444 [Worker-13: Importing Maven projects] INFO  o.e.m.c.i.e.AbstractTransferListenerAdapter - Downloading https://repo.maven.apache.org/maven2/io/projectreactor/reactor-test/3.5.4/reactor-test-3.5.4.pom
2023-03-27 20:10:26,653 [Worker-13: Importing Maven projects] INFO  o.e.m.c.i.e.AbstractTransferListenerAdapter - Downloaded https://repo.maven.apache.org/maven2/io/projectreactor/reactor-test/3.5.4/reactor-test-3.5.4.pom
2023-03-27 20:10:26,753 [Worker-13: Importing Maven projects] INFO  o.e.m.c.i.e.AbstractTransferListenerAdapter - Downloading https://repo.maven.apache.org/maven2/io/projectreactor/reactor-test/3.5.4/reactor-test-3.5.4.jar
2023-03-27 20:10:27,077 [Worker-13: Importing Maven projects] INFO  o.e.m.c.i.e.AbstractTransferListenerAdapter - Downloaded https://repo.maven.apache.org/maven2/io/projectreactor/reactor-test/3.5.4/reactor-test-3.5.4.jar
2023-03-27 20:10:31,504 [Worker-13: Importing Maven projects] INFO  o.e.m.j.i.AbstractJavaProjectConfigurator - Adding source folder /apigatewayService/src/main/java
2023-03-27 20:10:31,505 [Worker-13: Importing Maven projects] INFO  o.e.m.j.i.AbstractJavaProjectConfigurator - Adding resource folder /apigatewayService/src/main/resources
2023-03-27 20:10:31,523 [Worker-13: Importing Maven projects] INFO  o.e.m.j.i.AbstractJavaProjectConfigurator - Adding resource folder /apigatewayService/src/main/resources
2023-03-27 20:10:31,550 [Worker-13: Importing Maven projects] INFO  o.e.m.j.i.AbstractJavaProjectConfigurator - Adding source folder /apigatewayService/src/test/java
2023-03-27 20:10:31,950 [Worker-1: Download sources and javadoc] INFO  o.e.m.c.i.e.AbstractTransferListenerAdapter - Downloading https://repo.maven.apache.org/maven2/io/projectreactor/reactor-test/3.5.4/reactor-test-3.5.4-sources.jar
2023-03-27 20:10:32,032 [Worker-1: Download sources and javadoc] INFO  o.e.m.c.i.e.AbstractTransferListenerAdapter - Downloaded https://repo.maven.apache.org/maven2/io/projectreactor/reactor-test/3.5.4/reactor-test-3.5.4-sources.jar
2023-03-27 20:10:32,038 [Worker-1: Download sources and javadoc] INFO  o.e.m.j.internal.DownloadSourcesJob - Downloaded sources for io.projectreactor:reactor-test:3.5.4
2023-03-27 20:10:38,353 [Worker-13: Importing Maven projects] INFO  o.e.m.c.i.p.ProjectConfigurationManager - Imported and configured 1 project(s) in 26 sec
2023-03-27 20:10:40,402 [Worker-5: Building] INFO  o.a.m.s.f.DefaultMavenResourcesFiltering - Copying 1 resource
2023-03-27 20:10:40,449 [Worker-5: Building] INFO  o.a.m.s.f.DefaultMavenResourcesFiltering - Copying 0 resource
2023-03-27 20:10:40,457 [Worker-5: Building] INFO  o.a.m.s.f.DefaultMavenResourcesFiltering - skip non existing resourceDirectory D:\sts_workspace\microservices\hotelmanagementsystem\apigateway_service\apigatewayService\src\test\resources
2023-03-27 20:11:19,015 [Worker-2: Building] INFO  o.e.m.c.i.l.LifecycleMappingFactory - Using org.eclipse.m2e.jdt.JarLifecycleMapping lifecycle mapping for MavenProject: com.apigateway:apigatewayService:0.0.1-SNAPSHOT @ D:\sts_workspace\microservices\hotelmanagementsystem\apigateway_service\apigatewayService\pom.xml.
2023-03-27 20:11:19,858 [Worker-2: Building] INFO  o.a.m.s.f.DefaultMavenResourcesFiltering - Copying 0 resource
2023-03-27 20:11:19,858 [Worker-2: Building] INFO  o.a.m.s.f.DefaultMavenResourcesFiltering - Copying 0 resource
2023-03-27 20:11:19,863 [Worker-2: Building] INFO  o.a.m.s.f.DefaultMavenResourcesFiltering - skip non existing resourceDirectory D:\sts_workspace\microservices\hotelmanagementsystem\apigateway_service\apigatewayService\src\test\resources
2023-03-27 20:11:21,349 [Worker-2: Building] INFO  o.a.m.s.f.DefaultMavenResourcesFiltering - Copying 1 resource
2023-03-27 20:11:21,369 [Worker-2: Building] INFO  o.a.m.s.f.DefaultMavenResourcesFiltering - Copying 0 resource
2023-03-27 20:11:21,373 [Worker-2: Building] INFO  o.a.m.s.f.DefaultMavenResourcesFiltering - skip non existing resourceDirectory D:\sts_workspace\microservices\hotelmanagementsystem\apigateway_service\apigatewayService\src\test\resources
2023-03-27 20:11:35,845 [Worker-4: Updating Maven Project] INFO  o.e.m.c.i.p.ProjectConfigurationManager - Update started
2023-03-27 20:11:36,985 [Worker-4: Updating Maven Project] INFO  o.e.m.c.i.l.LifecycleMappingFactory - Using org.eclipse.m2e.jdt.JarLifecycleMapping lifecycle mapping for MavenProject: com.apigateway:apigatewayService:0.0.1-SNAPSHOT @ D:\sts_workspace\microservices\hotelmanagementsystem\apigateway_service\apigatewayService\pom.xml.
2023-03-27 20:11:38,667 [Worker-4: Updating Maven Project] INFO  o.e.m.j.i.AbstractJavaProjectConfigurator - Adding source folder /apigatewayService/src/main/java
2023-03-27 20:11:38,667 [Worker-4: Updating Maven Project] INFO  o.e.m.j.i.AbstractJavaProjectConfigurator - Adding resource folder /apigatewayService/src/main/resources
2023-03-27 20:11:38,668 [Worker-4: Updating Maven Project] INFO  o.e.m.j.i.AbstractJavaProjectConfigurator - Adding resource folder /apigatewayService/src/main/resources
2023-03-27 20:11:38,670 [Worker-4: Updating Maven Project] INFO  o.e.m.j.i.AbstractJavaProjectConfigurator - Adding source folder /apigatewayService/src/test/java
2023-03-27 20:11:39,559 [Worker-4: Updating Maven Project] INFO  o.e.m.c.i.p.ProjectConfigurationManager - Update completed for 1 poms: local refresh takes 0.00 sec, refresh facades takes 2.00 sec, update config takes 0.00 sec 
2023-03-27 20:11:39,977 [Worker-9: Building] INFO  o.a.m.s.f.DefaultMavenResourcesFiltering - Copying 1 resource
2023-03-27 20:11:40,007 [Worker-9: Building] INFO  o.a.m.s.f.DefaultMavenResourcesFiltering - Copying 0 resource
2023-03-27 20:11:40,013 [Worker-9: Building] INFO  o.a.m.s.f.DefaultMavenResourcesFiltering - skip non existing resourceDirectory D:\sts_workspace\microservices\hotelmanagementsystem\apigateway_service\apigatewayService\src\test\resources
2023-03-27 20:13:07,141 [Worker-12: Building] INFO  o.a.m.s.f.DefaultMavenResourcesFiltering - Copying 1 resource
2023-03-27 20:13:07,240 [Worker-12: Building] INFO  o.a.m.s.f.DefaultMavenResourcesFiltering - Copying 0 resource
2023-03-27 20:13:07,244 [Worker-12: Building] INFO  o.a.m.s.f.DefaultMavenResourcesFiltering - skip non existing resourceDirectory D:\sts_workspace\microservices\hotelmanagementsystem\apigateway_service\apigatewayService\src\test\resources
2023-03-27 20:14:53,928 [Worker-6: Building] INFO  o.a.m.s.f.DefaultMavenResourcesFiltering - Copying 1 resource
2023-03-27 20:14:53,977 [Worker-6: Building] INFO  o.a.m.s.f.DefaultMavenResourcesFiltering - Copying 0 resource
2023-03-27 20:14:53,981 [Worker-6: Building] INFO  o.a.m.s.f.DefaultMavenResourcesFiltering - skip non existing resourceDirectory D:\sts_workspace\microservices\hotelmanagementsystem\apigateway_service\apigatewayService\src\test\resources
2023-03-27 20:15:17,526 [Worker-11: Building] INFO  o.a.m.s.f.DefaultMavenResourcesFiltering - Copying 1 resource
2023-03-27 20:15:17,532 [Worker-11: Building] INFO  o.a.m.s.f.DefaultMavenResourcesFiltering - Copying 0 resource
2023-03-27 20:15:17,535 [Worker-11: Building] INFO  o.a.m.s.f.DefaultMavenResourcesFiltering - skip non existing resourceDirectory D:\sts_workspace\microservices\hotelmanagementsystem\apigateway_service\apigatewayService\src\test\resources
2023-03-27 20:15:48,155 [Worker-5: Building] INFO  o.a.m.s.f.DefaultMavenResourcesFiltering - Copying 1 resource
2023-03-27 20:15:48,199 [Worker-5: Building] INFO  o.a.m.s.f.DefaultMavenResourcesFiltering - Copying 0 resource
2023-03-27 20:15:48,203 [Worker-5: Building] INFO  o.a.m.s.f.DefaultMavenResourcesFiltering - skip non existing resourceDirectory D:\sts_workspace\microservices\hotelmanagementsystem\apigateway_service\apigatewayService\src\test\resources
2023-03-27 20:22:23,484 [Worker-1: Building] INFO  o.a.m.s.f.DefaultMavenResourcesFiltering - Copying 1 resource
2023-03-27 20:22:23,630 [Worker-1: Building] INFO  o.a.m.s.f.DefaultMavenResourcesFiltering - Copying 0 resource
2023-03-27 20:22:23,636 [Worker-1: Building] INFO  o.a.m.s.f.DefaultMavenResourcesFiltering - skip non existing resourceDirectory D:\sts_workspace\microservices\hotelmanagementsystem\apigateway_service\apigatewayService\src\test\resources
2023-03-27 20:23:19,606 [Worker-18: Building] INFO  o.a.m.s.f.DefaultMavenResourcesFiltering - Copying 1 resource
2023-03-27 20:23:19,738 [Worker-18: Building] INFO  o.a.m.s.f.DefaultMavenResourcesFiltering - Copying 0 resource
2023-03-27 20:23:19,743 [Worker-18: Building] INFO  o.a.m.s.f.DefaultMavenResourcesFiltering - skip non existing resourceDirectory D:\sts_workspace\microservices\hotelmanagementsystem\apigateway_service\apigatewayService\src\test\resources
2023-03-27 20:24:50,192 [Worker-20: Building] INFO  o.a.m.s.f.DefaultMavenResourcesFiltering - Copying 1 resource
2023-03-27 20:24:50,309 [Worker-20: Building] INFO  o.a.m.s.f.DefaultMavenResourcesFiltering - Copying 0 resource
2023-03-27 20:24:50,316 [Worker-20: Building] INFO  o.a.m.s.f.DefaultMavenResourcesFiltering - skip non existing resourceDirectory D:\sts_workspace\microservices\hotelmanagementsystem\apigateway_service\apigatewayService\src\test\resources
2023-03-27 20:25:22,114 [Worker-19: Building] INFO  o.a.m.s.f.DefaultMavenResourcesFiltering - Copying 1 resource
2023-03-27 20:25:22,325 [Worker-19: Building] INFO  o.a.m.s.f.DefaultMavenResourcesFiltering - Copying 0 resource
2023-03-27 20:25:22,330 [Worker-19: Building] INFO  o.a.m.s.f.DefaultMavenResourcesFiltering - skip non existing resourceDirectory D:\sts_workspace\microservices\hotelmanagementsystem\apigateway_service\apigatewayService\src\test\resources
2023-03-27 20:25:59,074 [Worker-19: Building] INFO  o.a.m.s.f.DefaultMavenResourcesFiltering - Copying 1 resource
2023-03-27 20:25:59,204 [Worker-19: Building] INFO  o.a.m.s.f.DefaultMavenResourcesFiltering - Copying 0 resource
2023-03-27 20:25:59,223 [Worker-19: Building] INFO  o.a.m.s.f.DefaultMavenResourcesFiltering - skip non existing resourceDirectory D:\sts_workspace\microservices\hotelmanagementsystem\apigateway_service\apigatewayService\src\test\resources
2023-03-27 20:26:36,128 [Worker-15: Building] INFO  o.a.m.s.f.DefaultMavenResourcesFiltering - Copying 1 resource
2023-03-27 20:26:36,155 [Worker-15: Building] INFO  o.a.m.s.f.DefaultMavenResourcesFiltering - Copying 0 resource
2023-03-27 20:26:36,160 [Worker-15: Building] INFO  o.a.m.s.f.DefaultMavenResourcesFiltering - skip non existing resourceDirectory D:\sts_workspace\microservices\hotelmanagementsystem\apigateway_service\apigatewayService\src\test\resources
2023-03-27 20:27:00,103 [Worker-19: Building] INFO  o.a.m.s.f.DefaultMavenResourcesFiltering - Copying 1 resource
2023-03-27 20:27:00,123 [Worker-19: Building] INFO  o.a.m.s.f.DefaultMavenResourcesFiltering - Copying 0 resource
2023-03-27 20:27:00,126 [Worker-19: Building] INFO  o.a.m.s.f.DefaultMavenResourcesFiltering - skip non existing resourceDirectory D:\sts_workspace\microservices\hotelmanagementsystem\apigateway_service\apigatewayService\src\test\resources
2023-03-27 20:27:18,187 [Worker-20: Building] INFO  o.a.m.s.f.DefaultMavenResourcesFiltering - Copying 1 resource
2023-03-27 20:27:18,197 [Worker-20: Building] INFO  o.a.m.s.f.DefaultMavenResourcesFiltering - Copying 0 resource
2023-03-27 20:27:18,200 [Worker-20: Building] INFO  o.a.m.s.f.DefaultMavenResourcesFiltering - skip non existing resourceDirectory D:\sts_workspace\microservices\hotelmanagementsystem\apigateway_service\apigatewayService\src\test\resources
2023-03-27 21:14:00,966 [Worker-35: Updating Maven Project] INFO  o.e.m.c.i.p.ProjectConfigurationManager - Update started
2023-03-27 21:14:02,025 [Worker-35: Updating Maven Project] INFO  o.e.m.c.i.l.LifecycleMappingFactory - Using org.eclipse.m2e.jdt.JarLifecycleMapping lifecycle mapping for MavenProject: com.apigateway:apigatewayService:0.0.1-SNAPSHOT @ D:\sts_workspace\microservices\hotelmanagementsystem\apigateway_service\apigatewayService\pom.xml.
2023-03-27 21:14:03,617 [Worker-35: Updating Maven Project] INFO  o.e.m.j.i.AbstractJavaProjectConfigurator - Adding source folder /apigatewayService/src/main/java
2023-03-27 21:14:03,617 [Worker-35: Updating Maven Project] INFO  o.e.m.j.i.AbstractJavaProjectConfigurator - Adding resource folder /apigatewayService/src/main/resources
2023-03-27 21:14:03,617 [Worker-35: Updating Maven Project] INFO  o.e.m.j.i.AbstractJavaProjectConfigurator - Adding resource folder /apigatewayService/src/main/resources
2023-03-27 21:14:03,618 [Worker-35: Updating Maven Project] INFO  o.e.m.j.i.AbstractJavaProjectConfigurator - Adding source folder /apigatewayService/src/test/java
2023-03-27 21:14:04,400 [Worker-35: Updating Maven Project] INFO  o.e.m.c.i.p.ProjectConfigurationManager - Update completed for 1 poms: local refresh takes 0.00 sec, refresh facades takes 2.00 sec, update config takes 0.00 sec 
2023-03-27 21:14:05,114 [Worker-37: Building] INFO  o.a.m.s.f.DefaultMavenResourcesFiltering - Copying 1 resource
2023-03-27 21:14:05,159 [Worker-37: Building] INFO  o.a.m.s.f.DefaultMavenResourcesFiltering - Copying 0 resource
2023-03-27 21:14:05,166 [Worker-37: Building] INFO  o.a.m.s.f.DefaultMavenResourcesFiltering - skip non existing resourceDirectory D:\sts_workspace\microservices\hotelmanagementsystem\apigateway_service\apigatewayService\src\test\resources
2023-03-27 21:19:25,630 [Worker-38: Building] INFO  o.a.m.s.f.DefaultMavenResourcesFiltering - Copying 1 resource
2023-03-27 21:19:25,652 [Worker-38: Building] INFO  o.a.m.s.f.DefaultMavenResourcesFiltering - Copying 0 resource
2023-03-27 21:19:25,657 [Worker-38: Building] INFO  o.a.m.s.f.DefaultMavenResourcesFiltering - skip non existing resourceDirectory D:\sts_workspace\microservices\hotelmanagementsystem\apigateway_service\apigatewayService\src\test\resources
2023-03-27 21:47:05,023 [Worker-45: Building] INFO  o.e.m.c.i.l.LifecycleMappingFactory - Using org.eclipse.m2e.jdt.JarLifecycleMapping lifecycle mapping for MavenProject: com.apigateway:apigatewayService:0.0.1-SNAPSHOT @ D:\sts_workspace\microservices\hotelmanagementsystem\apigateway_service\apigatewayService\pom.xml.
2023-03-27 21:47:06,021 [Worker-45: Building] INFO  o.a.m.s.f.DefaultMavenResourcesFiltering - Copying 0 resource
2023-03-27 21:47:06,021 [Worker-45: Building] INFO  o.a.m.s.f.DefaultMavenResourcesFiltering - Copying 0 resource
2023-03-27 21:47:06,025 [Worker-45: Building] INFO  o.a.m.s.f.DefaultMavenResourcesFiltering - skip non existing resourceDirectory D:\sts_workspace\microservices\hotelmanagementsystem\apigateway_service\apigatewayService\src\test\resources
2023-03-27 21:47:07,756 [Worker-48: Building] INFO  o.a.m.s.f.DefaultMavenResourcesFiltering - Copying 1 resource
2023-03-27 21:47:07,828 [Worker-48: Building] INFO  o.a.m.s.f.DefaultMavenResourcesFiltering - Copying 0 resource
2023-03-27 21:47:07,835 [Worker-48: Building] INFO  o.a.m.s.f.DefaultMavenResourcesFiltering - skip non existing resourceDirectory D:\sts_workspace\microservices\hotelmanagementsystem\apigateway_service\apigatewayService\src\test\resources
2023-03-28 01:14:55,255 [Worker-83: Building] INFO  o.a.m.s.f.DefaultMavenResourcesFiltering - Copying 1 resource
2023-03-28 01:14:55,444 [Worker-83: Building] INFO  o.a.m.s.f.DefaultMavenResourcesFiltering - Copying 0 resource
2023-03-28 01:14:55,449 [Worker-83: Building] INFO  o.a.m.s.f.DefaultMavenResourcesFiltering - skip non existing resourceDirectory D:\sts_workspace\microservices\hotelmanagementsystem\apigateway_service\apigatewayService\src\test\resources
2023-03-28 01:15:22,410 [Worker-85: Building] INFO  o.a.m.s.f.DefaultMavenResourcesFiltering - Copying 1 resource
2023-03-28 01:15:22,424 [Worker-85: Building] INFO  o.a.m.s.f.DefaultMavenResourcesFiltering - Copying 0 resource
2023-03-28 01:15:22,427 [Worker-85: Building] INFO  o.a.m.s.f.DefaultMavenResourcesFiltering - skip non existing resourceDirectory D:\sts_workspace\microservices\hotelmanagementsystem\apigateway_service\apigatewayService\src\test\resources
2023-03-28 01:15:39,143 [Worker-87: Building] INFO  o.a.m.s.f.DefaultMavenResourcesFiltering - Copying 1 resource
2023-03-28 01:15:39,152 [Worker-87: Building] INFO  o.a.m.s.f.DefaultMavenResourcesFiltering - Copying 0 resource
2023-03-28 01:15:39,157 [Worker-87: Building] INFO  o.a.m.s.f.DefaultMavenResourcesFiltering - skip non existing resourceDirectory D:\sts_workspace\microservices\hotelmanagementsystem\apigateway_service\apigatewayService\src\test\resources
2023-03-28 01:18:51,872 [Worker-86: Building] INFO  o.a.m.s.f.DefaultMavenResourcesFiltering - Copying 1 resource
2023-03-28 01:18:51,885 [Worker-86: Building] INFO  o.a.m.s.f.DefaultMavenResourcesFiltering - Copying 0 resource
2023-03-28 01:18:51,888 [Worker-86: Building] INFO  o.a.m.s.f.DefaultMavenResourcesFiltering - skip non existing resourceDirectory D:\sts_workspace\microservices\hotelmanagementsystem\apigateway_service\apigatewayService\src\test\resources
2023-03-28 02:16:47,773 [Worker-93: Building] INFO  o.a.m.s.f.DefaultMavenResourcesFiltering - Copying 1 resource
2023-03-28 02:16:48,062 [Worker-93: Building] INFO  o.a.m.s.f.DefaultMavenResourcesFiltering - Copying 0 resource
2023-03-28 02:16:48,126 [Worker-93: Building] INFO  o.a.m.s.f.DefaultMavenResourcesFiltering - skip non existing resourceDirectory D:\sts_workspace\microservices\hotelmanagementsystem\apigateway_service\apigatewayService\src\test\resources
2023-03-28 02:17:40,376 [Worker-96: Building] INFO  o.a.m.s.f.DefaultMavenResourcesFiltering - Copying 1 resource
2023-03-28 02:17:40,383 [Worker-96: Building] INFO  o.a.m.s.f.DefaultMavenResourcesFiltering - Copying 0 resource
2023-03-28 02:17:40,387 [Worker-96: Building] INFO  o.a.m.s.f.DefaultMavenResourcesFiltering - skip non existing resourceDirectory D:\sts_workspace\microservices\hotelmanagementsystem\apigateway_service\apigatewayService\src\test\resources
2023-03-28 02:18:58,177 [Worker-93: Building] INFO  o.a.m.s.f.DefaultMavenResourcesFiltering - Copying 1 resource
2023-03-28 02:18:58,181 [Worker-93: Building] INFO  o.a.m.s.f.DefaultMavenResourcesFiltering - Copying 0 resource
2023-03-28 02:18:58,186 [Worker-93: Building] INFO  o.a.m.s.f.DefaultMavenResourcesFiltering - skip non existing resourceDirectory D:\sts_workspace\microservices\hotelmanagementsystem\apigateway_service\apigatewayService\src\test\resources
2023-03-28 02:19:07,710 [Worker-96: Building] INFO  o.a.m.s.f.DefaultMavenResourcesFiltering - Copying 1 resource
2023-03-28 02:19:07,828 [Worker-96: Building] INFO  o.a.m.s.f.DefaultMavenResourcesFiltering - Copying 0 resource
2023-03-28 02:19:07,836 [Worker-96: Building] INFO  o.a.m.s.f.DefaultMavenResourcesFiltering - skip non existing resourceDirectory D:\sts_workspace\microservices\hotelmanagementsystem\apigateway_service\apigatewayService\src\test\resources
2023-03-28 02:29:15,840 [Worker-101: Building] INFO  o.a.m.s.f.DefaultMavenResourcesFiltering - Copying 1 resource
2023-03-28 02:29:15,977 [Worker-101: Building] INFO  o.a.m.s.f.DefaultMavenResourcesFiltering - Copying 0 resource
2023-03-28 02:29:16,001 [Worker-101: Building] INFO  o.a.m.s.f.DefaultMavenResourcesFiltering - skip non existing resourceDirectory D:\sts_workspace\microservices\hotelmanagementsystem\apigateway_service\apigatewayService\src\test\resources
2023-03-28 02:30:08,194 [Worker-101: Building] INFO  o.e.m.c.i.l.LifecycleMappingFactory - Using org.eclipse.m2e.jdt.JarLifecycleMapping lifecycle mapping for MavenProject: com.apigateway:apigatewayService:0.0.1-SNAPSHOT @ D:\sts_workspace\microservices\hotelmanagementsystem\apigateway_service\apigatewayService\pom.xml.
2023-03-28 02:30:09,032 [Worker-101: Building] INFO  o.a.m.s.f.DefaultMavenResourcesFiltering - Copying 0 resource
2023-03-28 02:30:09,032 [Worker-101: Building] INFO  o.a.m.s.f.DefaultMavenResourcesFiltering - Copying 0 resource
2023-03-28 02:30:09,036 [Worker-101: Building] INFO  o.a.m.s.f.DefaultMavenResourcesFiltering - skip non existing resourceDirectory D:\sts_workspace\microservices\hotelmanagementsystem\apigateway_service\apigatewayService\src\test\resources
2023-03-28 02:30:11,043 [Worker-97: Building] INFO  o.a.m.s.f.DefaultMavenResourcesFiltering - Copying 1 resource
2023-03-28 02:30:11,070 [Worker-97: Building] INFO  o.a.m.s.f.DefaultMavenResourcesFiltering - Copying 0 resource
2023-03-28 02:30:11,073 [Worker-97: Building] INFO  o.a.m.s.f.DefaultMavenResourcesFiltering - skip non existing resourceDirectory D:\sts_workspace\microservices\hotelmanagementsystem\apigateway_service\apigatewayService\src\test\resources
2023-03-28 02:33:44,836 [Worker-108: Building] INFO  o.a.m.s.f.DefaultMavenResourcesFiltering - Copying 1 resource
2023-03-28 02:33:44,852 [Worker-108: Building] INFO  o.a.m.s.f.DefaultMavenResourcesFiltering - Copying 0 resource
2023-03-28 02:33:44,855 [Worker-108: Building] INFO  o.a.m.s.f.DefaultMavenResourcesFiltering - skip non existing resourceDirectory D:\sts_workspace\microservices\hotelmanagementsystem\apigateway_service\apigatewayService\src\test\resources
