2023-03-27 22:44:36,653 [Worker-6: Loading available Gradle versions] INFO  o.e.b.c.i.u.g.PublishedGradleVersions - Gradle version information cache is up-to-date. Trying to read.
2023-03-27 22:45:10,539 [Worker-2: Importing Maven projects] INFO  o.e.m.c.i.l.LifecycleMappingFactory - Using org.eclipse.m2e.jdt.JarLifecycleMapping lifecycle mapping for MavenProject: com.cloudConfigServer:cloudConfigServerService:0.0.1-SNAPSHOT @ D:\sts_workspace\microservices\hotelmanagementsystem\cloudconfigserver_service\cloudConfigServerService\pom.xml.
2023-03-27 22:45:12,371 [Worker-2: Importing Maven projects] INFO  o.e.m.j.i.AbstractJavaProjectConfigurator - Adding source folder /cloudConfigServerService/src/main/java
2023-03-27 22:45:12,372 [Worker-2: Importing Maven projects] INFO  o.e.m.j.i.AbstractJavaProjectConfigurator - Adding resource folder /cloudConfigServerService/src/main/resources
2023-03-27 22:45:12,382 [Worker-2: Importing Maven projects] INFO  o.e.m.j.i.AbstractJavaProjectConfigurator - Adding resource folder /cloudConfigServerService/src/main/resources
2023-03-27 22:45:12,391 [Worker-2: Importing Maven projects] INFO  o.e.m.j.i.AbstractJavaProjectConfigurator - Adding source folder /cloudConfigServerService/src/test/java
2023-03-27 22:45:14,654 [Worker-2: Importing Maven projects] INFO  o.e.m.c.i.p.ProjectConfigurationManager - Imported and configured 1 project(s) in 5 sec
2023-03-27 22:45:15,663 [Worker-5: Building] INFO  o.a.m.s.f.DefaultMavenResourcesFiltering - Copying 1 resource
2023-03-27 22:45:15,680 [Worker-5: Building] INFO  o.a.m.s.f.DefaultMavenResourcesFiltering - Copying 0 resource
2023-03-27 22:45:15,684 [Worker-5: Building] INFO  o.a.m.s.f.DefaultMavenResourcesFiltering - skip non existing resourceDirectory D:\sts_workspace\microservices\hotelmanagementsystem\cloudconfigserver_service\cloudConfigServerService\src\test\resources
2023-03-27 22:46:07,256 [Worker-6: Building] INFO  o.a.m.s.f.DefaultMavenResourcesFiltering - Copying 1 resource
2023-03-27 22:46:07,274 [Worker-6: Building] INFO  o.a.m.s.f.DefaultMavenResourcesFiltering - Copying 0 resource
2023-03-27 22:46:07,283 [Worker-6: Building] INFO  o.a.m.s.f.DefaultMavenResourcesFiltering - skip non existing resourceDirectory D:\sts_workspace\microservices\hotelmanagementsystem\cloudconfigserver_service\cloudConfigServerService\src\test\resources
2023-03-27 22:50:12,825 [Worker-12: Building] INFO  o.a.m.s.f.DefaultMavenResourcesFiltering - Copying 1 resource
2023-03-27 22:50:12,828 [Worker-12: Building] INFO  o.a.m.s.f.DefaultMavenResourcesFiltering - Copying 0 resource
2023-03-27 22:50:12,832 [Worker-12: Building] INFO  o.a.m.s.f.DefaultMavenResourcesFiltering - skip non existing resourceDirectory D:\sts_workspace\microservices\hotelmanagementsystem\cloudconfigserver_service\cloudConfigServerService\src\test\resources
2023-03-27 22:52:49,481 [Worker-15: Building] INFO  o.a.m.s.f.DefaultMavenResourcesFiltering - Copying 1 resource
2023-03-27 22:52:49,485 [Worker-15: Building] INFO  o.a.m.s.f.DefaultMavenResourcesFiltering - Copying 0 resource
2023-03-27 22:52:49,488 [Worker-15: Building] INFO  o.a.m.s.f.DefaultMavenResourcesFiltering - skip non existing resourceDirectory D:\sts_workspace\microservices\hotelmanagementsystem\cloudconfigserver_service\cloudConfigServerService\src\test\resources
2023-03-27 22:58:48,789 [Worker-19: Building] INFO  o.a.m.s.f.DefaultMavenResourcesFiltering - Copying 1 resource
2023-03-27 22:58:48,794 [Worker-19: Building] INFO  o.a.m.s.f.DefaultMavenResourcesFiltering - Copying 0 resource
2023-03-27 22:58:48,796 [Worker-19: Building] INFO  o.a.m.s.f.DefaultMavenResourcesFiltering - skip non existing resourceDirectory D:\sts_workspace\microservices\hotelmanagementsystem\cloudconfigserver_service\cloudConfigServerService\src\test\resources
2023-03-27 22:59:33,735 [Worker-12: Building] INFO  o.a.m.s.f.DefaultMavenResourcesFiltering - Copying 1 resource
2023-03-27 22:59:33,740 [Worker-12: Building] INFO  o.a.m.s.f.DefaultMavenResourcesFiltering - Copying 0 resource
2023-03-27 22:59:33,742 [Worker-12: Building] INFO  o.a.m.s.f.DefaultMavenResourcesFiltering - skip non existing resourceDirectory D:\sts_workspace\microservices\hotelmanagementsystem\cloudconfigserver_service\cloudConfigServerService\src\test\resources
2023-03-27 22:59:59,588 [Worker-17: Building] INFO  o.a.m.s.f.DefaultMavenResourcesFiltering - Copying 1 resource
2023-03-27 22:59:59,596 [Worker-17: Building] INFO  o.a.m.s.f.DefaultMavenResourcesFiltering - Copying 0 resource
2023-03-27 22:59:59,601 [Worker-17: Building] INFO  o.a.m.s.f.DefaultMavenResourcesFiltering - skip non existing resourceDirectory D:\sts_workspace\microservices\hotelmanagementsystem\cloudconfigserver_service\cloudConfigServerService\src\test\resources
2023-03-27 23:03:45,385 [Worker-23: Building] INFO  o.a.m.s.f.DefaultMavenResourcesFiltering - Copying 1 resource
2023-03-27 23:03:45,398 [Worker-23: Building] INFO  o.a.m.s.f.DefaultMavenResourcesFiltering - Copying 0 resource
2023-03-27 23:03:45,409 [Worker-23: Building] INFO  o.a.m.s.f.DefaultMavenResourcesFiltering - skip non existing resourceDirectory D:\sts_workspace\microservices\hotelmanagementsystem\cloudconfigserver_service\cloudConfigServerService\src\test\resources
2023-03-27 23:14:41,580 [Worker-29: Building] INFO  o.a.m.s.f.DefaultMavenResourcesFiltering - Copying 1 resource
2023-03-27 23:14:41,590 [Worker-29: Building] INFO  o.a.m.s.f.DefaultMavenResourcesFiltering - Copying 0 resource
2023-03-27 23:14:41,592 [Worker-29: Building] INFO  o.a.m.s.f.DefaultMavenResourcesFiltering - skip non existing resourceDirectory D:\sts_workspace\microservices\hotelmanagementsystem\cloudconfigserver_service\cloudConfigServerService\src\test\resources
2023-03-27 23:15:26,775 [Worker-30: Building] INFO  o.a.m.s.f.DefaultMavenResourcesFiltering - Copying 1 resource
2023-03-27 23:15:26,786 [Worker-30: Building] INFO  o.a.m.s.f.DefaultMavenResourcesFiltering - Copying 0 resource
2023-03-27 23:15:26,789 [Worker-30: Building] INFO  o.a.m.s.f.DefaultMavenResourcesFiltering - skip non existing resourceDirectory D:\sts_workspace\microservices\hotelmanagementsystem\cloudconfigserver_service\cloudConfigServerService\src\test\resources
2023-03-27 23:17:17,875 [Worker-30: Building] INFO  o.a.m.s.f.DefaultMavenResourcesFiltering - Copying 1 resource
2023-03-27 23:17:17,892 [Worker-30: Building] INFO  o.a.m.s.f.DefaultMavenResourcesFiltering - Copying 0 resource
2023-03-27 23:17:17,896 [Worker-30: Building] INFO  o.a.m.s.f.DefaultMavenResourcesFiltering - skip non existing resourceDirectory D:\sts_workspace\microservices\hotelmanagementsystem\cloudconfigserver_service\cloudConfigServerService\src\test\resources
2023-03-27 23:17:59,236 [Worker-30: Building] INFO  o.a.m.s.f.DefaultMavenResourcesFiltering - Copying 1 resource
2023-03-27 23:17:59,282 [Worker-30: Building] INFO  o.a.m.s.f.DefaultMavenResourcesFiltering - Copying 0 resource
2023-03-27 23:17:59,289 [Worker-30: Building] INFO  o.a.m.s.f.DefaultMavenResourcesFiltering - skip non existing resourceDirectory D:\sts_workspace\microservices\hotelmanagementsystem\cloudconfigserver_service\cloudConfigServerService\src\test\resources
2023-03-27 23:37:23,859 [Worker-45: Building] INFO  o.a.m.s.f.DefaultMavenResourcesFiltering - Copying 1 resource
2023-03-27 23:37:23,863 [Worker-45: Building] INFO  o.a.m.s.f.DefaultMavenResourcesFiltering - Copying 0 resource
2023-03-27 23:37:23,865 [Worker-45: Building] INFO  o.a.m.s.f.DefaultMavenResourcesFiltering - skip non existing resourceDirectory D:\sts_workspace\microservices\hotelmanagementsystem\cloudconfigserver_service\cloudConfigServerService\src\test\resources
2023-03-28 02:21:24,966 [Worker-79: Building] INFO  o.a.m.s.f.DefaultMavenResourcesFiltering - Copying 1 resource
2023-03-28 02:21:25,128 [Worker-79: Building] INFO  o.a.m.s.f.DefaultMavenResourcesFiltering - Copying 0 resource
2023-03-28 02:21:25,133 [Worker-79: Building] INFO  o.a.m.s.f.DefaultMavenResourcesFiltering - skip non existing resourceDirectory D:\sts_workspace\microservices\hotelmanagementsystem\cloudconfigserver_service\cloudConfigServerService\src\test\resources
2023-03-28 02:21:33,645 [Worker-76: Building] INFO  o.a.m.s.f.DefaultMavenResourcesFiltering - Copying 1 resource
2023-03-28 02:21:33,653 [Worker-76: Building] INFO  o.a.m.s.f.DefaultMavenResourcesFiltering - Copying 0 resource
2023-03-28 02:21:33,657 [Worker-76: Building] INFO  o.a.m.s.f.DefaultMavenResourcesFiltering - skip non existing resourceDirectory D:\sts_workspace\microservices\hotelmanagementsystem\cloudconfigserver_service\cloudConfigServerService\src\test\resources
2023-03-28 02:22:11,486 [Worker-80: Building] INFO  o.a.m.s.f.DefaultMavenResourcesFiltering - Copying 1 resource
2023-03-28 02:22:11,494 [Worker-80: Building] INFO  o.a.m.s.f.DefaultMavenResourcesFiltering - Copying 0 resource
2023-03-28 02:22:11,498 [Worker-80: Building] INFO  o.a.m.s.f.DefaultMavenResourcesFiltering - skip non existing resourceDirectory D:\sts_workspace\microservices\hotelmanagementsystem\cloudconfigserver_service\cloudConfigServerService\src\test\resources
2023-03-28 02:23:07,688 [Worker-80: Building] INFO  o.e.m.c.i.l.LifecycleMappingFactory - Using org.eclipse.m2e.jdt.JarLifecycleMapping lifecycle mapping for MavenProject: com.cloudConfigServer:cloudConfigServerService:0.0.1-SNAPSHOT @ D:\sts_workspace\microservices\hotelmanagementsystem\cloudconfigserver_service\cloudConfigServerService\pom.xml.
2023-03-28 02:23:09,649 [Worker-80: Building] INFO  o.a.m.s.f.DefaultMavenResourcesFiltering - Copying 0 resource
2023-03-28 02:23:09,650 [Worker-80: Building] INFO  o.a.m.s.f.DefaultMavenResourcesFiltering - Copying 0 resource
2023-03-28 02:23:09,657 [Worker-80: Building] INFO  o.a.m.s.f.DefaultMavenResourcesFiltering - skip non existing resourceDirectory D:\sts_workspace\microservices\hotelmanagementsystem\cloudconfigserver_service\cloudConfigServerService\src\test\resources
2023-03-28 02:23:11,229 [Worker-80: Building] INFO  o.a.m.s.f.DefaultMavenResourcesFiltering - Copying 1 resource
2023-03-28 02:23:11,278 [Worker-80: Building] INFO  o.a.m.s.f.DefaultMavenResourcesFiltering - Copying 0 resource
2023-03-28 02:23:11,296 [Worker-80: Building] INFO  o.a.m.s.f.DefaultMavenResourcesFiltering - skip non existing resourceDirectory D:\sts_workspace\microservices\hotelmanagementsystem\cloudconfigserver_service\cloudConfigServerService\src\test\resources
2023-03-28 02:24:14,994 [Worker-79: Building] INFO  o.a.m.s.f.DefaultMavenResourcesFiltering - Copying 1 resource
2023-03-28 02:24:15,056 [Worker-79: Building] INFO  o.a.m.s.f.DefaultMavenResourcesFiltering - Copying 0 resource
2023-03-28 02:24:15,059 [Worker-79: Building] INFO  o.a.m.s.f.DefaultMavenResourcesFiltering - skip non existing resourceDirectory D:\sts_workspace\microservices\hotelmanagementsystem\cloudconfigserver_service\cloudConfigServerService\src\test\resources
2023-03-28 02:24:42,400 [Worker-80: Building] INFO  o.a.m.s.f.DefaultMavenResourcesFiltering - Copying 1 resource
2023-03-28 02:24:42,421 [Worker-80: Building] INFO  o.a.m.s.f.DefaultMavenResourcesFiltering - Copying 0 resource
2023-03-28 02:24:42,423 [Worker-80: Building] INFO  o.a.m.s.f.DefaultMavenResourcesFiltering - skip non existing resourceDirectory D:\sts_workspace\microservices\hotelmanagementsystem\cloudconfigserver_service\cloudConfigServerService\src\test\resources
2023-03-28 02:25:52,597 [Worker-80: Building] INFO  o.a.m.s.f.DefaultMavenResourcesFiltering - Copying 1 resource
2023-03-28 02:25:52,614 [Worker-80: Building] INFO  o.a.m.s.f.DefaultMavenResourcesFiltering - Copying 0 resource
2023-03-28 02:25:52,619 [Worker-80: Building] INFO  o.a.m.s.f.DefaultMavenResourcesFiltering - skip non existing resourceDirectory D:\sts_workspace\microservices\hotelmanagementsystem\cloudconfigserver_service\cloudConfigServerService\src\test\resources
2023-03-28 02:26:03,277 [Worker-76: Building] INFO  o.a.m.s.f.DefaultMavenResourcesFiltering - Copying 1 resource
2023-03-28 02:26:03,281 [Worker-76: Building] INFO  o.a.m.s.f.DefaultMavenResourcesFiltering - Copying 0 resource
2023-03-28 02:26:03,285 [Worker-76: Building] INFO  o.a.m.s.f.DefaultMavenResourcesFiltering - skip non existing resourceDirectory D:\sts_workspace\microservices\hotelmanagementsystem\cloudconfigserver_service\cloudConfigServerService\src\test\resources
2023-03-28 02:27:19,043 [Worker-78: Building] INFO  o.a.m.s.f.DefaultMavenResourcesFiltering - Copying 1 resource
2023-03-28 02:27:19,049 [Worker-78: Building] INFO  o.a.m.s.f.DefaultMavenResourcesFiltering - Copying 0 resource
2023-03-28 02:27:19,052 [Worker-78: Building] INFO  o.a.m.s.f.DefaultMavenResourcesFiltering - skip non existing resourceDirectory D:\sts_workspace\microservices\hotelmanagementsystem\cloudconfigserver_service\cloudConfigServerService\src\test\resources
2023-03-28 02:27:55,589 [Worker-82: Building] INFO  o.e.m.c.i.l.LifecycleMappingFactory - Using org.eclipse.m2e.jdt.JarLifecycleMapping lifecycle mapping for MavenProject: com.cloudConfigServer:cloudConfigServerService:0.0.1-SNAPSHOT @ D:\sts_workspace\microservices\hotelmanagementsystem\cloudconfigserver_service\cloudConfigServerService\pom.xml.
2023-03-28 02:27:56,397 [Worker-82: Building] INFO  o.a.m.s.f.DefaultMavenResourcesFiltering - Copying 0 resource
2023-03-28 02:27:56,397 [Worker-82: Building] INFO  o.a.m.s.f.DefaultMavenResourcesFiltering - Copying 0 resource
2023-03-28 02:27:56,400 [Worker-82: Building] INFO  o.a.m.s.f.DefaultMavenResourcesFiltering - skip non existing resourceDirectory D:\sts_workspace\microservices\hotelmanagementsystem\cloudconfigserver_service\cloudConfigServerService\src\test\resources
2023-03-28 02:27:57,763 [Worker-46: Building] INFO  o.a.m.s.f.DefaultMavenResourcesFiltering - Copying 1 resource
2023-03-28 02:27:57,792 [Worker-46: Building] INFO  o.a.m.s.f.DefaultMavenResourcesFiltering - Copying 0 resource
2023-03-28 02:27:57,794 [Worker-46: Building] INFO  o.a.m.s.f.DefaultMavenResourcesFiltering - skip non existing resourceDirectory D:\sts_workspace\microservices\hotelmanagementsystem\cloudconfigserver_service\cloudConfigServerService\src\test\resources
2023-03-28 02:49:10,743 [Worker-90: Building] INFO  o.a.m.s.f.DefaultMavenResourcesFiltering - Copying 1 resource
2023-03-28 02:49:10,834 [Worker-90: Building] INFO  o.a.m.s.f.DefaultMavenResourcesFiltering - Copying 0 resource
2023-03-28 02:49:10,838 [Worker-90: Building] INFO  o.a.m.s.f.DefaultMavenResourcesFiltering - skip non existing resourceDirectory D:\sts_workspace\microservices\hotelmanagementsystem\cloudconfigserver_service\cloudConfigServerService\src\test\resources
