2023-03-09 23:51:16,151 [Worker-5: Loading available Gradle versions] INFO  o.e.b.c.i.u.g.PublishedGradleVersions - Gradle version information cache is up-to-date. Trying to read.
2023-03-09 23:51:37,313 [Worker-4: Importing Maven projects] INFO  o.e.m.c.i.l.LifecycleMappingFactory - Using org.eclipse.m2e.jdt.JarLifecycleMapping lifecycle mapping for MavenProject: com.eureka:eureka_service:0.0.1-SNAPSHOT @ D:\sts_workspace\microservices\eureka_service\eureka_service\pom.xml.
2023-03-09 23:51:38,694 [Worker-4: Importing Maven projects] INFO  o.e.m.j.i.AbstractJavaProjectConfigurator - Adding source folder /eureka_service/src/main/java
2023-03-09 23:51:38,694 [Worker-4: Importing Maven projects] INFO  o.e.m.j.i.AbstractJavaProjectConfigurator - Adding resource folder /eureka_service/src/main/resources
2023-03-09 23:51:38,696 [Worker-4: Importing Maven projects] INFO  o.e.m.j.i.AbstractJavaProjectConfigurator - Adding resource folder /eureka_service/src/main/resources
2023-03-09 23:51:38,704 [Worker-4: Importing Maven projects] INFO  o.e.m.j.i.AbstractJavaProjectConfigurator - Adding source folder /eureka_service/src/test/java
2023-03-09 23:51:39,464 [Worker-4: Importing Maven projects] ERROR o.e.m.j.i.AbstractJavaProjectConfigurator - Failed to find a compatible VM for environment id 'JavaSE-19', falling back to workspace default
2023-03-09 23:51:40,431 [Worker-4: Importing Maven projects] INFO  o.e.m.c.i.p.ProjectConfigurationManager - Imported and configured 1 project(s) in 4 sec
2023-03-09 23:51:41,656 [Worker-1: Building] INFO  o.a.m.s.f.DefaultMavenResourcesFiltering - Copying 1 resource
2023-03-09 23:51:41,685 [Worker-1: Building] INFO  o.a.m.s.f.DefaultMavenResourcesFiltering - Copying 0 resource
2023-03-09 23:51:41,690 [Worker-1: Building] INFO  o.a.m.s.f.DefaultMavenResourcesFiltering - skip non existing resourceDirectory D:\sts_workspace\microservices\eureka_service\eureka_service\src\test\resources
2023-03-09 23:52:42,935 [Worker-13: Building] INFO  o.a.m.s.f.DefaultMavenResourcesFiltering - Copying 0 resource
2023-03-09 23:52:42,935 [Worker-13: Building] INFO  o.a.m.s.f.DefaultMavenResourcesFiltering - Copying 0 resource
2023-03-09 23:52:42,939 [Worker-13: Building] INFO  o.a.m.s.f.DefaultMavenResourcesFiltering - skip non existing resourceDirectory D:\sts_workspace\microservices\eureka_service\eureka_service\src\test\resources
2023-03-09 23:52:45,753 [Worker-2: Building] INFO  o.a.m.s.f.DefaultMavenResourcesFiltering - Copying 1 resource
2023-03-09 23:52:45,755 [Worker-2: Building] INFO  o.a.m.s.f.DefaultMavenResourcesFiltering - Copying 0 resource
2023-03-09 23:52:45,759 [Worker-2: Building] INFO  o.a.m.s.f.DefaultMavenResourcesFiltering - skip non existing resourceDirectory D:\sts_workspace\microservices\eureka_service\eureka_service\src\test\resources
2023-03-09 23:52:51,947 [Worker-12: Building] INFO  o.a.m.s.f.DefaultMavenResourcesFiltering - Copying 1 resource
2023-03-09 23:52:51,949 [Worker-12: Building] INFO  o.a.m.s.f.DefaultMavenResourcesFiltering - Copying 0 resource
2023-03-09 23:52:51,952 [Worker-12: Building] INFO  o.a.m.s.f.DefaultMavenResourcesFiltering - skip non existing resourceDirectory D:\sts_workspace\microservices\eureka_service\eureka_service\src\test\resources
2023-03-09 23:56:02,096 [Worker-15: Building] INFO  o.a.m.s.f.DefaultMavenResourcesFiltering - Copying 1 resource
2023-03-09 23:56:02,102 [Worker-15: Building] INFO  o.a.m.s.f.DefaultMavenResourcesFiltering - Copying 0 resource
2023-03-09 23:56:02,105 [Worker-15: Building] INFO  o.a.m.s.f.DefaultMavenResourcesFiltering - skip non existing resourceDirectory D:\sts_workspace\microservices\eureka_service\eureka_service\src\test\resources
2023-03-09 23:57:15,869 [Worker-4: Building] INFO  o.a.m.s.f.DefaultMavenResourcesFiltering - Copying 1 resource
2023-03-09 23:57:15,872 [Worker-4: Building] INFO  o.a.m.s.f.DefaultMavenResourcesFiltering - Copying 0 resource
2023-03-09 23:57:15,875 [Worker-4: Building] INFO  o.a.m.s.f.DefaultMavenResourcesFiltering - skip non existing resourceDirectory D:\sts_workspace\microservices\eureka_service\eureka_service\src\test\resources
2023-03-09 23:58:32,839 [Worker-17: Building] INFO  o.a.m.s.f.DefaultMavenResourcesFiltering - Copying 1 resource
2023-03-09 23:58:32,842 [Worker-17: Building] INFO  o.a.m.s.f.DefaultMavenResourcesFiltering - Copying 0 resource
2023-03-09 23:58:32,845 [Worker-17: Building] INFO  o.a.m.s.f.DefaultMavenResourcesFiltering - skip non existing resourceDirectory D:\sts_workspace\microservices\eureka_service\eureka_service\src\test\resources
2023-03-10 00:02:26,212 [Worker-4: Building] INFO  o.e.m.c.i.l.LifecycleMappingFactory - Using org.eclipse.m2e.jdt.JarLifecycleMapping lifecycle mapping for MavenProject: com.eureka:eureka_service:0.0.1-SNAPSHOT @ D:\sts_workspace\microservices\eureka_service\eureka_service\pom.xml.
2023-03-10 00:02:27,067 [Worker-4: Building] INFO  o.a.m.s.f.DefaultMavenResourcesFiltering - Copying 0 resource
2023-03-10 00:02:27,067 [Worker-4: Building] INFO  o.a.m.s.f.DefaultMavenResourcesFiltering - Copying 0 resource
2023-03-10 00:02:27,071 [Worker-4: Building] INFO  o.a.m.s.f.DefaultMavenResourcesFiltering - skip non existing resourceDirectory D:\sts_workspace\microservices\eureka_service\eureka_service\src\test\resources
2023-03-10 00:02:28,555 [Worker-20: Building] INFO  o.a.m.s.f.DefaultMavenResourcesFiltering - Copying 1 resource
2023-03-10 00:02:28,576 [Worker-20: Building] INFO  o.a.m.s.f.DefaultMavenResourcesFiltering - Copying 0 resource
2023-03-10 00:02:28,579 [Worker-20: Building] INFO  o.a.m.s.f.DefaultMavenResourcesFiltering - skip non existing resourceDirectory D:\sts_workspace\microservices\eureka_service\eureka_service\src\test\resources
2023-03-10 00:02:30,108 [Worker-4: Download sources and javadoc] INFO  o.e.m.c.i.e.AbstractTransferListenerAdapter - Downloaded https://artifactory-oss.prod.netflix.net/artifactory/maven-oss-candidates/org/springframework/cloud/spring-cloud-starter-netflix-eureka-client/4.0.0/spring-cloud-starter-netflix-eureka-client-4.0.0-sources.jar
2023-03-10 00:02:30,172 [Worker-4: Download sources and javadoc] INFO  o.e.m.c.i.e.AbstractTransferListenerAdapter - Downloaded https://repo.maven.apache.org/maven2/org/springframework/cloud/spring-cloud-starter-netflix-eureka-client/4.0.0/spring-cloud-starter-netflix-eureka-client-4.0.0-sources.jar
2023-03-10 00:02:30,178 [Worker-4: Download sources and javadoc] ERROR o.e.m.j.internal.DownloadSourcesJob - Could not download sources for org.springframework.cloud:spring-cloud-starter-netflix-eureka-client:4.0.0
org.eclipse.core.runtime.CoreException: Could not resolve artifact org.springframework.cloud:spring-cloud-starter-netflix-eureka-client:jar:sources:4.0.0
	at org.eclipse.m2e.core.internal.embedder.MavenImpl.lambda$6(MavenImpl.java:587)
	at org.eclipse.m2e.core.internal.embedder.MavenExecutionContext.executeBare(MavenExecutionContext.java:364)
	at org.eclipse.m2e.core.internal.embedder.MavenExecutionContext.execute(MavenExecutionContext.java:227)
	at org.eclipse.m2e.core.internal.embedder.MavenExecutionContext.execute(MavenExecutionContext.java:213)
	at org.eclipse.m2e.core.internal.embedder.MavenImpl.resolve(MavenImpl.java:556)
	at org.eclipse.m2e.core.internal.embedder.MavenImpl.resolve(MavenImpl.java:541)
	at org.eclipse.m2e.jdt.internal.DownloadSourcesJob.download(DownloadSourcesJob.java:308)
	at org.eclipse.m2e.jdt.internal.DownloadSourcesJob.downloadAttachments(DownloadSourcesJob.java:282)
	at org.eclipse.m2e.jdt.internal.DownloadSourcesJob.downloadMaven(DownloadSourcesJob.java:252)
	at org.eclipse.m2e.jdt.internal.DownloadSourcesJob.downloadFilesAndPopulateToUpdate(DownloadSourcesJob.java:220)
	at org.eclipse.m2e.jdt.internal.DownloadSourcesJob.lambda$0(DownloadSourcesJob.java:149)
	at org.eclipse.m2e.core.internal.embedder.MavenExecutionContext.executeBare(MavenExecutionContext.java:364)
	at org.eclipse.m2e.core.internal.embedder.MavenExecutionContext.execute(MavenExecutionContext.java:274)
	at org.eclipse.m2e.core.internal.embedder.MavenExecutionContext.execute(MavenExecutionContext.java:213)
	at org.eclipse.m2e.core.embedder.IMaven.execute(IMaven.java:294)
	at org.eclipse.m2e.jdt.internal.DownloadSourcesJob.run(DownloadSourcesJob.java:149)
	at org.eclipse.core.internal.jobs.Worker.run(Worker.java:63)
2023-03-10 00:02:32,251 [Worker-4: Download sources and javadoc] INFO  o.e.m.c.i.e.AbstractTransferListenerAdapter - Downloaded https://artifactory-oss.prod.netflix.net/artifactory/maven-oss-candidates/com/fasterxml/woodstox/woodstox-core/6.2.1/woodstox-core-6.2.1-sources.jar
2023-03-10 00:02:32,288 [Worker-4: Download sources and javadoc] INFO  o.e.m.c.i.e.AbstractTransferListenerAdapter - Downloading https://repo.maven.apache.org/maven2/com/fasterxml/woodstox/woodstox-core/6.2.1/woodstox-core-6.2.1-sources.jar
2023-03-10 00:02:32,467 [Worker-4: Download sources and javadoc] INFO  o.e.m.c.i.e.AbstractTransferListenerAdapter - Downloaded https://repo.maven.apache.org/maven2/com/fasterxml/woodstox/woodstox-core/6.2.1/woodstox-core-6.2.1-sources.jar
2023-03-10 00:02:32,474 [Worker-4: Download sources and javadoc] INFO  o.e.m.j.internal.DownloadSourcesJob - Downloaded sources for com.fasterxml.woodstox:woodstox-core:6.2.1
2023-03-10 00:02:32,889 [Worker-19: Building] INFO  o.a.m.s.f.DefaultMavenResourcesFiltering - Copying 0 resource
2023-03-10 00:02:32,889 [Worker-19: Building] INFO  o.a.m.s.f.DefaultMavenResourcesFiltering - Copying 0 resource
2023-03-10 00:02:32,892 [Worker-19: Building] INFO  o.a.m.s.f.DefaultMavenResourcesFiltering - skip non existing resourceDirectory D:\sts_workspace\microservices\eureka_service\eureka_service\src\test\resources
2023-03-10 00:03:51,585 [Worker-21: Building] INFO  o.e.m.c.i.l.LifecycleMappingFactory - Using org.eclipse.m2e.jdt.JarLifecycleMapping lifecycle mapping for MavenProject: com.eureka:eureka_service:0.0.1-SNAPSHOT @ D:\sts_workspace\microservices\eureka_service\eureka_service\pom.xml.
2023-03-10 00:03:52,121 [Worker-21: Building] INFO  o.a.m.s.f.DefaultMavenResourcesFiltering - Copying 0 resource
2023-03-10 00:03:52,121 [Worker-21: Building] INFO  o.a.m.s.f.DefaultMavenResourcesFiltering - Copying 0 resource
2023-03-10 00:03:52,124 [Worker-21: Building] INFO  o.a.m.s.f.DefaultMavenResourcesFiltering - skip non existing resourceDirectory D:\sts_workspace\microservices\eureka_service\eureka_service\src\test\resources
2023-03-10 00:03:53,514 [Worker-24: Building] INFO  o.a.m.s.f.DefaultMavenResourcesFiltering - Copying 1 resource
2023-03-10 00:03:53,543 [Worker-24: Building] INFO  o.a.m.s.f.DefaultMavenResourcesFiltering - Copying 0 resource
2023-03-10 00:03:53,546 [Worker-24: Building] INFO  o.a.m.s.f.DefaultMavenResourcesFiltering - skip non existing resourceDirectory D:\sts_workspace\microservices\eureka_service\eureka_service\src\test\resources
2023-03-10 00:03:54,477 [Worker-21: Download sources and javadoc] INFO  o.e.m.c.i.e.AbstractTransferListenerAdapter - Downloaded https://artifactory-oss.prod.netflix.net/artifactory/maven-oss-candidates/org/springframework/cloud/spring-cloud-starter-netflix-eureka-client/4.0.0/spring-cloud-starter-netflix-eureka-client-4.0.0-javadoc.jar
2023-03-10 00:03:54,595 [Worker-21: Download sources and javadoc] INFO  o.e.m.c.i.e.AbstractTransferListenerAdapter - Downloaded https://repo.maven.apache.org/maven2/org/springframework/cloud/spring-cloud-starter-netflix-eureka-client/4.0.0/spring-cloud-starter-netflix-eureka-client-4.0.0-javadoc.jar
2023-03-10 00:03:54,597 [Worker-21: Download sources and javadoc] ERROR o.e.m.j.internal.DownloadSourcesJob - Could not download javadoc for org.springframework.cloud:spring-cloud-starter-netflix-eureka-client:4.0.0
org.eclipse.core.runtime.CoreException: Could not resolve artifact org.springframework.cloud:spring-cloud-starter-netflix-eureka-client:jar:javadoc:4.0.0
	at org.eclipse.m2e.core.internal.embedder.MavenImpl.lambda$6(MavenImpl.java:587)
	at org.eclipse.m2e.core.internal.embedder.MavenExecutionContext.executeBare(MavenExecutionContext.java:364)
	at org.eclipse.m2e.core.internal.embedder.MavenExecutionContext.execute(MavenExecutionContext.java:227)
	at org.eclipse.m2e.core.internal.embedder.MavenExecutionContext.execute(MavenExecutionContext.java:213)
	at org.eclipse.m2e.core.internal.embedder.MavenImpl.resolve(MavenImpl.java:556)
	at org.eclipse.m2e.core.internal.embedder.MavenImpl.resolve(MavenImpl.java:541)
	at org.eclipse.m2e.jdt.internal.DownloadSourcesJob.download(DownloadSourcesJob.java:308)
	at org.eclipse.m2e.jdt.internal.DownloadSourcesJob.downloadAttachments(DownloadSourcesJob.java:294)
	at org.eclipse.m2e.jdt.internal.DownloadSourcesJob.downloadMaven(DownloadSourcesJob.java:252)
	at org.eclipse.m2e.jdt.internal.DownloadSourcesJob.downloadFilesAndPopulateToUpdate(DownloadSourcesJob.java:220)
	at org.eclipse.m2e.jdt.internal.DownloadSourcesJob.lambda$0(DownloadSourcesJob.java:149)
	at org.eclipse.m2e.core.internal.embedder.MavenExecutionContext.executeBare(MavenExecutionContext.java:364)
	at org.eclipse.m2e.core.internal.embedder.MavenExecutionContext.execute(MavenExecutionContext.java:274)
	at org.eclipse.m2e.core.internal.embedder.MavenExecutionContext.execute(MavenExecutionContext.java:213)
	at org.eclipse.m2e.core.embedder.IMaven.execute(IMaven.java:294)
	at org.eclipse.m2e.jdt.internal.DownloadSourcesJob.run(DownloadSourcesJob.java:149)
	at org.eclipse.core.internal.jobs.Worker.run(Worker.java:63)
2023-03-10 00:05:18,416 [Worker-26: Building] INFO  o.e.m.c.i.l.LifecycleMappingFactory - Using org.eclipse.m2e.jdt.JarLifecycleMapping lifecycle mapping for MavenProject: com.eureka:eureka_service:0.0.1-SNAPSHOT @ D:\sts_workspace\microservices\eureka_service\eureka_service\pom.xml.
2023-03-10 00:05:18,943 [Worker-26: Building] INFO  o.a.m.s.f.DefaultMavenResourcesFiltering - Copying 0 resource
2023-03-10 00:05:18,944 [Worker-26: Building] INFO  o.a.m.s.f.DefaultMavenResourcesFiltering - Copying 0 resource
2023-03-10 00:05:18,946 [Worker-26: Building] INFO  o.a.m.s.f.DefaultMavenResourcesFiltering - skip non existing resourceDirectory D:\sts_workspace\microservices\eureka_service\eureka_service\src\test\resources
2023-03-10 00:05:20,337 [Worker-25: Building] INFO  o.a.m.s.f.DefaultMavenResourcesFiltering - Copying 1 resource
2023-03-10 00:05:20,379 [Worker-25: Building] INFO  o.a.m.s.f.DefaultMavenResourcesFiltering - Copying 0 resource
2023-03-10 00:05:20,383 [Worker-25: Building] INFO  o.a.m.s.f.DefaultMavenResourcesFiltering - skip non existing resourceDirectory D:\sts_workspace\microservices\eureka_service\eureka_service\src\test\resources
2023-03-10 00:06:18,215 [Worker-28: Building] INFO  o.a.m.s.f.DefaultMavenResourcesFiltering - Copying 1 resource
2023-03-10 00:06:18,218 [Worker-28: Building] INFO  o.a.m.s.f.DefaultMavenResourcesFiltering - Copying 0 resource
2023-03-10 00:06:18,220 [Worker-28: Building] INFO  o.a.m.s.f.DefaultMavenResourcesFiltering - skip non existing resourceDirectory D:\sts_workspace\microservices\eureka_service\eureka_service\src\test\resources
2023-03-10 00:06:35,270 [Worker-29: Building] INFO  o.a.m.s.f.DefaultMavenResourcesFiltering - Copying 0 resource
2023-03-10 00:06:35,271 [Worker-29: Building] INFO  o.a.m.s.f.DefaultMavenResourcesFiltering - Copying 1 resource
2023-03-10 00:06:35,276 [Worker-29: Building] INFO  o.a.m.s.f.DefaultMavenResourcesFiltering - skip non existing resourceDirectory D:\sts_workspace\microservices\eureka_service\eureka_service\src\test\resources
2023-03-10 00:10:49,612 [Worker-31: Building] INFO  o.a.m.s.f.DefaultMavenResourcesFiltering - Copying 1 resource
2023-03-10 00:10:49,629 [Worker-31: Building] INFO  o.a.m.s.f.DefaultMavenResourcesFiltering - Copying 0 resource
2023-03-10 00:10:49,631 [Worker-31: Building] INFO  o.a.m.s.f.DefaultMavenResourcesFiltering - skip non existing resourceDirectory D:\sts_workspace\microservices\eureka_service\eureka_service\src\test\resources
2023-03-10 00:10:53,162 [Worker-31: Building] INFO  o.a.m.s.f.DefaultMavenResourcesFiltering - Copying 0 resource
2023-03-10 00:10:53,163 [Worker-31: Building] INFO  o.a.m.s.f.DefaultMavenResourcesFiltering - Copying 1 resource
2023-03-10 00:10:53,165 [Worker-31: Building] INFO  o.a.m.s.f.DefaultMavenResourcesFiltering - skip non existing resourceDirectory D:\sts_workspace\microservices\eureka_service\eureka_service\src\test\resources
2023-03-10 00:13:40,872 [Worker-35: Building] INFO  o.a.m.s.f.DefaultMavenResourcesFiltering - Copying 1 resource
2023-03-10 00:13:40,885 [Worker-35: Building] INFO  o.a.m.s.f.DefaultMavenResourcesFiltering - Copying 0 resource
2023-03-10 00:13:40,887 [Worker-35: Building] INFO  o.a.m.s.f.DefaultMavenResourcesFiltering - skip non existing resourceDirectory D:\sts_workspace\microservices\eureka_service\eureka_service\src\test\resources
2023-03-10 00:17:44,227 [Worker-35: Building] INFO  o.a.m.s.f.DefaultMavenResourcesFiltering - Copying 1 resource
2023-03-10 00:17:44,232 [Worker-35: Building] INFO  o.a.m.s.f.DefaultMavenResourcesFiltering - Copying 1 resource
2023-03-10 00:17:44,236 [Worker-35: Building] INFO  o.a.m.s.f.DefaultMavenResourcesFiltering - skip non existing resourceDirectory D:\sts_workspace\microservices\eureka_service\eureka_service\src\test\resources
2023-03-10 00:18:10,417 [Worker-35: Building] INFO  o.e.m.c.i.l.LifecycleMappingFactory - Using org.eclipse.m2e.jdt.JarLifecycleMapping lifecycle mapping for MavenProject: com.eureka:eureka_service:0.0.1-SNAPSHOT @ D:\sts_workspace\microservices\eureka_service\eureka_service\pom.xml.
2023-03-10 00:18:44,154 [Worker-29: Building] INFO  o.e.m.c.i.l.LifecycleMappingFactory - Using org.eclipse.m2e.jdt.JarLifecycleMapping lifecycle mapping for MavenProject: com.eureka:eureka_service:0.0.1-SNAPSHOT @ D:\sts_workspace\microservices\eureka_service\eureka_service\pom.xml.
2023-03-10 00:18:44,757 [Worker-29: Building] INFO  o.a.m.s.f.DefaultMavenResourcesFiltering - Copying 0 resource
2023-03-10 00:18:44,757 [Worker-29: Building] INFO  o.a.m.s.f.DefaultMavenResourcesFiltering - Copying 0 resource
2023-03-10 00:18:44,761 [Worker-29: Building] INFO  o.a.m.s.f.DefaultMavenResourcesFiltering - skip non existing resourceDirectory D:\sts_workspace\microservices\eureka_service\eureka_service\src\test\resources
2023-03-10 00:18:46,265 [Worker-36: Building] INFO  o.a.m.s.f.DefaultMavenResourcesFiltering - Copying 1 resource
2023-03-10 00:18:46,288 [Worker-36: Building] INFO  o.a.m.s.f.DefaultMavenResourcesFiltering - Copying 1 resource
2023-03-10 00:18:46,309 [Worker-36: Building] INFO  o.a.m.s.f.DefaultMavenResourcesFiltering - skip non existing resourceDirectory D:\sts_workspace\microservices\eureka_service\eureka_service\src\test\resources
2023-03-10 00:20:27,336 [Worker-32: Launching Executing clean in D__sts_workspace_microservices_eureka_service_eureka_service] INFO  o.eclipse.m2e.core.internal.Bundles - getClasspathEntries(Bundle=org.eclipse.m2e.maven.runtime_3.8.604.20221130-2149 [345])
2023-03-10 00:20:27,349 [Worker-32: Launching Executing clean in D__sts_workspace_microservices_eureka_service_eureka_service] INFO  o.eclipse.m2e.core.internal.Bundles - 	Entry: D:\sts-4.17.1.RELEASE\plugins\org.eclipse.m2e.maven.runtime_3.8.604.20221130-2149
2023-03-10 00:20:27,350 [Worker-32: Launching Executing clean in D__sts_workspace_microservices_eureka_service_eureka_service] INFO  o.eclipse.m2e.core.internal.Bundles - 	Entry: D:\sts-4.17.1.RELEASE\plugins\org.eclipse.m2e.maven.runtime_3.8.604.20221130-2149\jars\aether-connector-okhttp-0.17.8.jar
2023-03-10 00:20:27,350 [Worker-32: Launching Executing clean in D__sts_workspace_microservices_eureka_service_eureka_service] INFO  o.eclipse.m2e.core.internal.Bundles - 	Entry: D:\sts-4.17.1.RELEASE\plugins\org.eclipse.m2e.maven.runtime_3.8.604.20221130-2149\jars\commons-cli-1.4.jar
2023-03-10 00:20:27,350 [Worker-32: Launching Executing clean in D__sts_workspace_microservices_eureka_service_eureka_service] INFO  o.eclipse.m2e.core.internal.Bundles - 	Entry: D:\sts-4.17.1.RELEASE\plugins\org.eclipse.m2e.maven.runtime_3.8.604.20221130-2149\jars\commons-io-2.6.jar
2023-03-10 00:20:27,350 [Worker-32: Launching Executing clean in D__sts_workspace_microservices_eureka_service_eureka_service] INFO  o.eclipse.m2e.core.internal.Bundles - 	Entry: D:\sts-4.17.1.RELEASE\plugins\org.eclipse.m2e.maven.runtime_3.8.604.20221130-2149\jars\commons-lang3-3.8.1.jar
2023-03-10 00:20:27,350 [Worker-32: Launching Executing clean in D__sts_workspace_microservices_eureka_service_eureka_service] INFO  o.eclipse.m2e.core.internal.Bundles - 	Entry: D:\sts-4.17.1.RELEASE\plugins\org.eclipse.m2e.maven.runtime_3.8.604.20221130-2149\jars\guice-4.2.2-no_aop.jar
2023-03-10 00:20:27,350 [Worker-32: Launching Executing clean in D__sts_workspace_microservices_eureka_service_eureka_service] INFO  o.eclipse.m2e.core.internal.Bundles - 	Entry: D:\sts-4.17.1.RELEASE\plugins\org.eclipse.m2e.maven.runtime_3.8.604.20221130-2149\jars\jansi-2.4.0.jar
2023-03-10 00:20:27,350 [Worker-32: Launching Executing clean in D__sts_workspace_microservices_eureka_service_eureka_service] INFO  o.eclipse.m2e.core.internal.Bundles - 	Entry: D:\sts-4.17.1.RELEASE\plugins\org.eclipse.m2e.maven.runtime_3.8.604.20221130-2149\jars\maven-artifact-3.8.6.jar
2023-03-10 00:20:27,350 [Worker-32: Launching Executing clean in D__sts_workspace_microservices_eureka_service_eureka_service] INFO  o.eclipse.m2e.core.internal.Bundles - 	Entry: D:\sts-4.17.1.RELEASE\plugins\org.eclipse.m2e.maven.runtime_3.8.604.20221130-2149\jars\maven-builder-support-3.8.6.jar
2023-03-10 00:20:27,350 [Worker-32: Launching Executing clean in D__sts_workspace_microservices_eureka_service_eureka_service] INFO  o.eclipse.m2e.core.internal.Bundles - 	Entry: D:\sts-4.17.1.RELEASE\plugins\org.eclipse.m2e.maven.runtime_3.8.604.20221130-2149\jars\maven-compat-3.8.6.jar
2023-03-10 00:20:27,350 [Worker-32: Launching Executing clean in D__sts_workspace_microservices_eureka_service_eureka_service] INFO  o.eclipse.m2e.core.internal.Bundles - 	Entry: D:\sts-4.17.1.RELEASE\plugins\org.eclipse.m2e.maven.runtime_3.8.604.20221130-2149\jars\maven-core-3.8.6.jar
2023-03-10 00:20:27,350 [Worker-32: Launching Executing clean in D__sts_workspace_microservices_eureka_service_eureka_service] INFO  o.eclipse.m2e.core.internal.Bundles - 	Entry: D:\sts-4.17.1.RELEASE\plugins\org.eclipse.m2e.maven.runtime_3.8.604.20221130-2149\jars\maven-embedder-3.8.6.jar
2023-03-10 00:20:27,350 [Worker-32: Launching Executing clean in D__sts_workspace_microservices_eureka_service_eureka_service] INFO  o.eclipse.m2e.core.internal.Bundles - 	Entry: D:\sts-4.17.1.RELEASE\plugins\org.eclipse.m2e.maven.runtime_3.8.604.20221130-2149\jars\maven-model-3.8.6.jar
2023-03-10 00:20:27,350 [Worker-32: Launching Executing clean in D__sts_workspace_microservices_eureka_service_eureka_service] INFO  o.eclipse.m2e.core.internal.Bundles - 	Entry: D:\sts-4.17.1.RELEASE\plugins\org.eclipse.m2e.maven.runtime_3.8.604.20221130-2149\jars\maven-model-builder-3.8.6.jar
2023-03-10 00:20:27,350 [Worker-32: Launching Executing clean in D__sts_workspace_microservices_eureka_service_eureka_service] INFO  o.eclipse.m2e.core.internal.Bundles - 	Entry: D:\sts-4.17.1.RELEASE\plugins\org.eclipse.m2e.maven.runtime_3.8.604.20221130-2149\jars\maven-plugin-api-3.8.6.jar
2023-03-10 00:20:27,351 [Worker-32: Launching Executing clean in D__sts_workspace_microservices_eureka_service_eureka_service] INFO  o.eclipse.m2e.core.internal.Bundles - 	Entry: D:\sts-4.17.1.RELEASE\plugins\org.eclipse.m2e.maven.runtime_3.8.604.20221130-2149\jars\maven-repository-metadata-3.8.6.jar
2023-03-10 00:20:27,351 [Worker-32: Launching Executing clean in D__sts_workspace_microservices_eureka_service_eureka_service] INFO  o.eclipse.m2e.core.internal.Bundles - 	Entry: D:\sts-4.17.1.RELEASE\plugins\org.eclipse.m2e.maven.runtime_3.8.604.20221130-2149\jars\maven-resolver-api-1.6.3.jar
2023-03-10 00:20:27,351 [Worker-32: Launching Executing clean in D__sts_workspace_microservices_eureka_service_eureka_service] INFO  o.eclipse.m2e.core.internal.Bundles - 	Entry: D:\sts-4.17.1.RELEASE\plugins\org.eclipse.m2e.maven.runtime_3.8.604.20221130-2149\jars\maven-resolver-connector-basic-1.6.3.jar
2023-03-10 00:20:27,351 [Worker-32: Launching Executing clean in D__sts_workspace_microservices_eureka_service_eureka_service] INFO  o.eclipse.m2e.core.internal.Bundles - 	Entry: D:\sts-4.17.1.RELEASE\plugins\org.eclipse.m2e.maven.runtime_3.8.604.20221130-2149\jars\maven-resolver-impl-1.6.3.jar
2023-03-10 00:20:27,351 [Worker-32: Launching Executing clean in D__sts_workspace_microservices_eureka_service_eureka_service] INFO  o.eclipse.m2e.core.internal.Bundles - 	Entry: D:\sts-4.17.1.RELEASE\plugins\org.eclipse.m2e.maven.runtime_3.8.604.20221130-2149\jars\maven-resolver-provider-3.8.6.jar
2023-03-10 00:20:27,351 [Worker-32: Launching Executing clean in D__sts_workspace_microservices_eureka_service_eureka_service] INFO  o.eclipse.m2e.core.internal.Bundles - 	Entry: D:\sts-4.17.1.RELEASE\plugins\org.eclipse.m2e.maven.runtime_3.8.604.20221130-2149\jars\maven-resolver-spi-1.6.3.jar
2023-03-10 00:20:27,351 [Worker-32: Launching Executing clean in D__sts_workspace_microservices_eureka_service_eureka_service] INFO  o.eclipse.m2e.core.internal.Bundles - 	Entry: D:\sts-4.17.1.RELEASE\plugins\org.eclipse.m2e.maven.runtime_3.8.604.20221130-2149\jars\maven-resolver-transport-wagon-1.6.3.jar
2023-03-10 00:20:27,351 [Worker-32: Launching Executing clean in D__sts_workspace_microservices_eureka_service_eureka_service] INFO  o.eclipse.m2e.core.internal.Bundles - 	Entry: D:\sts-4.17.1.RELEASE\plugins\org.eclipse.m2e.maven.runtime_3.8.604.20221130-2149\jars\maven-resolver-util-1.6.3.jar
2023-03-10 00:20:27,351 [Worker-32: Launching Executing clean in D__sts_workspace_microservices_eureka_service_eureka_service] INFO  o.eclipse.m2e.core.internal.Bundles - 	Entry: D:\sts-4.17.1.RELEASE\plugins\org.eclipse.m2e.maven.runtime_3.8.604.20221130-2149\jars\maven-settings-3.8.6.jar
2023-03-10 00:20:27,351 [Worker-32: Launching Executing clean in D__sts_workspace_microservices_eureka_service_eureka_service] INFO  o.eclipse.m2e.core.internal.Bundles - 	Entry: D:\sts-4.17.1.RELEASE\plugins\org.eclipse.m2e.maven.runtime_3.8.604.20221130-2149\jars\maven-settings-builder-3.8.6.jar
2023-03-10 00:20:27,351 [Worker-32: Launching Executing clean in D__sts_workspace_microservices_eureka_service_eureka_service] INFO  o.eclipse.m2e.core.internal.Bundles - 	Entry: D:\sts-4.17.1.RELEASE\plugins\org.eclipse.m2e.maven.runtime_3.8.604.20221130-2149\jars\maven-shared-utils-3.3.4.jar
2023-03-10 00:20:27,351 [Worker-32: Launching Executing clean in D__sts_workspace_microservices_eureka_service_eureka_service] INFO  o.eclipse.m2e.core.internal.Bundles - 	Entry: D:\sts-4.17.1.RELEASE\plugins\org.eclipse.m2e.maven.runtime_3.8.604.20221130-2149\jars\okhttp-3.14.1.jar
2023-03-10 00:20:27,351 [Worker-32: Launching Executing clean in D__sts_workspace_microservices_eureka_service_eureka_service] INFO  o.eclipse.m2e.core.internal.Bundles - 	Entry: D:\sts-4.17.1.RELEASE\plugins\org.eclipse.m2e.maven.runtime_3.8.604.20221130-2149\jars\okio-1.17.3.jar
2023-03-10 00:20:27,351 [Worker-32: Launching Executing clean in D__sts_workspace_microservices_eureka_service_eureka_service] INFO  o.eclipse.m2e.core.internal.Bundles - 	Entry: D:\sts-4.17.1.RELEASE\plugins\org.eclipse.m2e.maven.runtime_3.8.604.20221130-2149\jars\org.eclipse.sisu.inject-0.3.5.jar
2023-03-10 00:20:27,352 [Worker-32: Launching Executing clean in D__sts_workspace_microservices_eureka_service_eureka_service] INFO  o.eclipse.m2e.core.internal.Bundles - 	Entry: D:\sts-4.17.1.RELEASE\plugins\org.eclipse.m2e.maven.runtime_3.8.604.20221130-2149\jars\org.eclipse.sisu.plexus-0.3.5.jar
2023-03-10 00:20:27,352 [Worker-32: Launching Executing clean in D__sts_workspace_microservices_eureka_service_eureka_service] INFO  o.eclipse.m2e.core.internal.Bundles - 	Entry: D:\sts-4.17.1.RELEASE\plugins\org.eclipse.m2e.maven.runtime_3.8.604.20221130-2149\jars\plexus-build-api-0.0.7.jar
2023-03-10 00:20:27,352 [Worker-32: Launching Executing clean in D__sts_workspace_microservices_eureka_service_eureka_service] INFO  o.eclipse.m2e.core.internal.Bundles - 	Entry: D:\sts-4.17.1.RELEASE\plugins\org.eclipse.m2e.maven.runtime_3.8.604.20221130-2149\jars\plexus-cipher-2.0.jar
2023-03-10 00:20:27,352 [Worker-32: Launching Executing clean in D__sts_workspace_microservices_eureka_service_eureka_service] INFO  o.eclipse.m2e.core.internal.Bundles - 	Entry: D:\sts-4.17.1.RELEASE\plugins\org.eclipse.m2e.maven.runtime_3.8.604.20221130-2149\jars\plexus-classworlds-2.6.0.jar
2023-03-10 00:20:27,352 [Worker-32: Launching Executing clean in D__sts_workspace_microservices_eureka_service_eureka_service] INFO  o.eclipse.m2e.core.internal.Bundles - 	Entry: D:\sts-4.17.1.RELEASE\plugins\org.eclipse.m2e.maven.runtime_3.8.604.20221130-2149\jars\plexus-component-annotations-2.1.0.jar
2023-03-10 00:20:27,352 [Worker-32: Launching Executing clean in D__sts_workspace_microservices_eureka_service_eureka_service] INFO  o.eclipse.m2e.core.internal.Bundles - 	Entry: D:\sts-4.17.1.RELEASE\plugins\org.eclipse.m2e.maven.runtime_3.8.604.20221130-2149\jars\plexus-interpolation-1.26.jar
2023-03-10 00:20:27,352 [Worker-32: Launching Executing clean in D__sts_workspace_microservices_eureka_service_eureka_service] INFO  o.eclipse.m2e.core.internal.Bundles - 	Entry: D:\sts-4.17.1.RELEASE\plugins\org.eclipse.m2e.maven.runtime_3.8.604.20221130-2149\jars\plexus-sec-dispatcher-2.0.jar
2023-03-10 00:20:27,353 [Worker-32: Launching Executing clean in D__sts_workspace_microservices_eureka_service_eureka_service] INFO  o.eclipse.m2e.core.internal.Bundles - 	Entry: D:\sts-4.17.1.RELEASE\plugins\org.eclipse.m2e.maven.runtime_3.8.604.20221130-2149\jars\plexus-utils-3.3.1.jar
2023-03-10 00:20:27,353 [Worker-32: Launching Executing clean in D__sts_workspace_microservices_eureka_service_eureka_service] INFO  o.eclipse.m2e.core.internal.Bundles - 	Entry: D:\sts-4.17.1.RELEASE\plugins\org.eclipse.m2e.maven.runtime_3.8.604.20221130-2149\jars\wagon-file-3.5.1.jar
2023-03-10 00:20:27,353 [Worker-32: Launching Executing clean in D__sts_workspace_microservices_eureka_service_eureka_service] INFO  o.eclipse.m2e.core.internal.Bundles - 	Entry: D:\sts-4.17.1.RELEASE\plugins\org.eclipse.m2e.maven.runtime_3.8.604.20221130-2149\jars\wagon-provider-api-3.5.1.jar
2023-03-10 00:20:27,354 [Worker-32: Launching Executing clean in D__sts_workspace_microservices_eureka_service_eureka_service] INFO  o.eclipse.m2e.core.internal.Bundles - getClasspathEntries(Bundle=com.google.guava_30.1.0.v20221112-0806 [22])
2023-03-10 00:20:27,355 [Worker-32: Launching Executing clean in D__sts_workspace_microservices_eureka_service_eureka_service] INFO  o.eclipse.m2e.core.internal.Bundles - 	Entry: D:\sts-4.17.1.RELEASE\plugins\com.google.guava_30.1.0.v20221112-0806.jar
2023-03-10 00:20:27,355 [Worker-32: Launching Executing clean in D__sts_workspace_microservices_eureka_service_eureka_service] INFO  o.eclipse.m2e.core.internal.Bundles - getClasspathEntries(Bundle=slf4j.api_1.7.36 [584])
2023-03-10 00:20:27,355 [Worker-32: Launching Executing clean in D__sts_workspace_microservices_eureka_service_eureka_service] INFO  o.eclipse.m2e.core.internal.Bundles - 	Entry: D:\sts-4.17.1.RELEASE\plugins\slf4j.api_1.7.36.jar
2023-03-10 00:20:27,355 [Worker-32: Launching Executing clean in D__sts_workspace_microservices_eureka_service_eureka_service] INFO  o.eclipse.m2e.core.internal.Bundles - getClasspathEntries(Bundle=javax.inject_1.0.0.v20220405-0441 [49])
2023-03-10 00:20:27,355 [Worker-32: Launching Executing clean in D__sts_workspace_microservices_eureka_service_eureka_service] INFO  o.eclipse.m2e.core.internal.Bundles - 	Entry: D:\sts-4.17.1.RELEASE\plugins\javax.inject_1.0.0.v20220405-0441.jar
2023-03-10 00:20:27,356 [Worker-32: Launching Executing clean in D__sts_workspace_microservices_eureka_service_eureka_service] INFO  o.eclipse.m2e.core.internal.Bundles - getClasspathEntries(Bundle=javax.annotation_1.3.5.v20221112-0806 [47])
2023-03-10 00:20:27,356 [Worker-32: Launching Executing clean in D__sts_workspace_microservices_eureka_service_eureka_service] INFO  o.eclipse.m2e.core.internal.Bundles - 	Entry: D:\sts-4.17.1.RELEASE\plugins\javax.annotation_1.3.5.v20221112-0806.jar
2023-03-10 00:20:27,359 [Worker-32: Launching Executing clean in D__sts_workspace_microservices_eureka_service_eureka_service] INFO  o.e.m.i.launch.MavenLaunchDelegate - Run build in "D:\sts_workspace\microservices\eureka_service\eureka_service":
2023-03-10 00:20:27,360 [Worker-32: Launching Executing clean in D__sts_workspace_microservices_eureka_service_eureka_service] INFO  o.e.m.i.launch.MavenLaunchDelegate -  mvn  -B -Dstyle.color=always clean
2023-03-10 00:20:29,647 [Worker-38: Building] INFO  o.a.m.s.f.DefaultMavenResourcesFiltering - Copying 1 resource
2023-03-10 00:20:29,649 [Worker-38: Building] INFO  o.a.m.s.f.DefaultMavenResourcesFiltering - Copying 1 resource
2023-03-10 00:20:29,652 [Worker-38: Building] INFO  o.a.m.s.f.DefaultMavenResourcesFiltering - skip non existing resourceDirectory D:\sts_workspace\microservices\eureka_service\eureka_service\src\test\resources
2023-03-10 00:20:58,791 [Worker-36: Launching Executing install in D__sts_workspace_microservices_eureka_service_eureka_service] INFO  o.e.m.i.launch.MavenLaunchDelegate - Run build in "D:\sts_workspace\microservices\eureka_service\eureka_service":
2023-03-10 00:20:58,791 [Worker-36: Launching Executing install in D__sts_workspace_microservices_eureka_service_eureka_service] INFO  o.e.m.i.launch.MavenLaunchDelegate -  mvn  -B -Dstyle.color=always install
2023-03-10 00:21:20,778 [Worker-32: Building] INFO  o.a.m.s.f.DefaultMavenResourcesFiltering - Copying 1 resource
2023-03-10 00:21:20,779 [Worker-32: Building] INFO  o.a.m.s.f.DefaultMavenResourcesFiltering - Copying 1 resource
2023-03-10 00:21:20,782 [Worker-32: Building] INFO  o.a.m.s.f.DefaultMavenResourcesFiltering - skip non existing resourceDirectory D:\sts_workspace\microservices\eureka_service\eureka_service\src\test\resources
2023-03-10 00:21:40,001 [main] INFO  o.e.m2e.actions.ExecutePomAction - Creating new launch configuration
2023-03-10 00:21:48,413 [main] INFO  o.e.m2e.actions.ExecutePomAction - Creating new launch configuration
2023-03-10 00:27:58,420 [Worker-41: Building] INFO  o.a.m.s.f.DefaultMavenResourcesFiltering - Copying 1 resource
2023-03-10 00:27:58,425 [Worker-41: Building] INFO  o.a.m.s.f.DefaultMavenResourcesFiltering - Copying 1 resource
2023-03-10 00:27:58,427 [Worker-41: Building] INFO  o.a.m.s.f.DefaultMavenResourcesFiltering - skip non existing resourceDirectory D:\sts_workspace\microservices\eureka_service\eureka_service\src\test\resources
2023-03-10 00:30:28,987 [Worker-47: Building] INFO  o.a.m.s.f.DefaultMavenResourcesFiltering - Copying 1 resource
2023-03-10 00:30:28,991 [Worker-47: Building] INFO  o.a.m.s.f.DefaultMavenResourcesFiltering - Copying 1 resource
2023-03-10 00:30:28,993 [Worker-47: Building] INFO  o.a.m.s.f.DefaultMavenResourcesFiltering - skip non existing resourceDirectory D:\sts_workspace\microservices\eureka_service\eureka_service\src\test\resources
2023-03-10 00:31:01,011 [Worker-41: Building] INFO  o.a.m.s.f.DefaultMavenResourcesFiltering - Copying 1 resource
2023-03-10 00:31:01,016 [Worker-41: Building] INFO  o.a.m.s.f.DefaultMavenResourcesFiltering - Copying 1 resource
2023-03-10 00:31:01,018 [Worker-41: Building] INFO  o.a.m.s.f.DefaultMavenResourcesFiltering - skip non existing resourceDirectory D:\sts_workspace\microservices\eureka_service\eureka_service\src\test\resources
2023-03-10 00:31:16,065 [Worker-49: Building] INFO  o.a.m.s.f.DefaultMavenResourcesFiltering - Copying 1 resource
2023-03-10 00:31:16,069 [Worker-49: Building] INFO  o.a.m.s.f.DefaultMavenResourcesFiltering - Copying 1 resource
2023-03-10 00:31:16,072 [Worker-49: Building] INFO  o.a.m.s.f.DefaultMavenResourcesFiltering - skip non existing resourceDirectory D:\sts_workspace\microservices\eureka_service\eureka_service\src\test\resources
2023-03-10 00:31:54,578 [Worker-51: Building] INFO  o.a.m.s.f.DefaultMavenResourcesFiltering - Copying 1 resource
2023-03-10 00:31:54,582 [Worker-51: Building] INFO  o.a.m.s.f.DefaultMavenResourcesFiltering - Copying 1 resource
2023-03-10 00:31:54,584 [Worker-51: Building] INFO  o.a.m.s.f.DefaultMavenResourcesFiltering - skip non existing resourceDirectory D:\sts_workspace\microservices\eureka_service\eureka_service\src\test\resources
2023-03-10 00:32:03,177 [Worker-48: Building] INFO  o.a.m.s.f.DefaultMavenResourcesFiltering - Copying 1 resource
2023-03-10 00:32:03,179 [Worker-48: Building] INFO  o.a.m.s.f.DefaultMavenResourcesFiltering - Copying 1 resource
2023-03-10 00:32:03,180 [Worker-48: Building] INFO  o.a.m.s.f.DefaultMavenResourcesFiltering - skip non existing resourceDirectory D:\sts_workspace\microservices\eureka_service\eureka_service\src\test\resources
2023-03-10 00:33:33,362 [Worker-50: Building] INFO  o.a.m.s.f.DefaultMavenResourcesFiltering - Copying 1 resource
2023-03-10 00:33:33,365 [Worker-50: Building] INFO  o.a.m.s.f.DefaultMavenResourcesFiltering - Copying 1 resource
2023-03-10 00:33:33,368 [Worker-50: Building] INFO  o.a.m.s.f.DefaultMavenResourcesFiltering - skip non existing resourceDirectory D:\sts_workspace\microservices\eureka_service\eureka_service\src\test\resources
2023-03-10 00:34:11,737 [Worker-47: Building] INFO  o.a.m.s.f.DefaultMavenResourcesFiltering - Copying 1 resource
2023-03-10 00:34:11,739 [Worker-47: Building] INFO  o.a.m.s.f.DefaultMavenResourcesFiltering - Copying 1 resource
2023-03-10 00:34:11,741 [Worker-47: Building] INFO  o.a.m.s.f.DefaultMavenResourcesFiltering - skip non existing resourceDirectory D:\sts_workspace\microservices\eureka_service\eureka_service\src\test\resources
2023-03-10 00:34:55,113 [Worker-52: Building] INFO  o.a.m.s.f.DefaultMavenResourcesFiltering - Copying 1 resource
2023-03-10 00:34:55,146 [Worker-52: Building] INFO  o.a.m.s.f.DefaultMavenResourcesFiltering - Copying 1 resource
2023-03-10 00:34:55,149 [Worker-52: Building] INFO  o.a.m.s.f.DefaultMavenResourcesFiltering - skip non existing resourceDirectory D:\sts_workspace\microservices\eureka_service\eureka_service\src\test\resources
2023-03-10 00:35:17,560 [Worker-50: Building] INFO  o.a.m.s.f.DefaultMavenResourcesFiltering - Copying 1 resource
2023-03-10 00:35:17,563 [Worker-50: Building] INFO  o.a.m.s.f.DefaultMavenResourcesFiltering - Copying 1 resource
2023-03-10 00:35:17,565 [Worker-50: Building] INFO  o.a.m.s.f.DefaultMavenResourcesFiltering - skip non existing resourceDirectory D:\sts_workspace\microservices\eureka_service\eureka_service\src\test\resources
2023-03-10 00:35:36,645 [Worker-51: Building] INFO  o.a.m.s.f.DefaultMavenResourcesFiltering - Copying 1 resource
2023-03-10 00:35:36,647 [Worker-51: Building] INFO  o.a.m.s.f.DefaultMavenResourcesFiltering - Copying 1 resource
2023-03-10 00:35:36,649 [Worker-51: Building] INFO  o.a.m.s.f.DefaultMavenResourcesFiltering - skip non existing resourceDirectory D:\sts_workspace\microservices\eureka_service\eureka_service\src\test\resources
2023-03-10 00:35:56,849 [Worker-52: Building] INFO  o.a.m.s.f.DefaultMavenResourcesFiltering - Copying 1 resource
2023-03-10 00:35:56,853 [Worker-52: Building] INFO  o.a.m.s.f.DefaultMavenResourcesFiltering - Copying 1 resource
2023-03-10 00:35:56,857 [Worker-52: Building] INFO  o.a.m.s.f.DefaultMavenResourcesFiltering - skip non existing resourceDirectory D:\sts_workspace\microservices\eureka_service\eureka_service\src\test\resources
2023-03-10 00:36:47,915 [Worker-54: Launching Executing install in D__sts_workspace_microservices_eureka_service_eureka_service] INFO  o.e.m.i.launch.MavenLaunchDelegate - Run build in "D:\sts_workspace\microservices\eureka_service\eureka_service":
2023-03-10 00:36:47,915 [Worker-54: Launching Executing install in D__sts_workspace_microservices_eureka_service_eureka_service] INFO  o.e.m.i.launch.MavenLaunchDelegate -  mvn  -B -Dstyle.color=always install
2023-03-10 00:37:32,169 [Worker-47: Building] INFO  o.a.m.s.f.DefaultMavenResourcesFiltering - Copying 1 resource
2023-03-10 00:37:32,172 [Worker-47: Building] INFO  o.a.m.s.f.DefaultMavenResourcesFiltering - Copying 1 resource
2023-03-10 00:37:32,174 [Worker-47: Building] INFO  o.a.m.s.f.DefaultMavenResourcesFiltering - skip non existing resourceDirectory D:\sts_workspace\microservices\eureka_service\eureka_service\src\test\resources
2023-03-10 00:37:53,947 [Worker-53: Building] INFO  o.a.m.s.f.DefaultMavenResourcesFiltering - Copying 1 resource
2023-03-10 00:37:53,953 [Worker-53: Building] INFO  o.a.m.s.f.DefaultMavenResourcesFiltering - Copying 1 resource
2023-03-10 00:37:53,956 [Worker-53: Building] INFO  o.a.m.s.f.DefaultMavenResourcesFiltering - skip non existing resourceDirectory D:\sts_workspace\microservices\eureka_service\eureka_service\src\test\resources
2023-03-21 00:30:04,933 [Worker-2: Loading available Gradle versions] INFO  o.e.b.c.i.u.g.PublishedGradleVersions - Gradle version information cache is out-of-date. Trying to update.
2023-03-21 06:02:06,921 [Worker-7: Loading available Gradle versions] INFO  o.e.b.c.i.u.g.PublishedGradleVersions - Gradle version information cache is up-to-date. Trying to read.
2023-03-21 06:04:17,287 [Worker-11: Building] INFO  o.a.m.s.f.DefaultMavenResourcesFiltering - Copying 1 resource
2023-03-21 06:04:17,310 [Worker-11: Building] INFO  o.a.m.s.f.DefaultMavenResourcesFiltering - Copying 1 resource
2023-03-21 06:04:17,324 [Worker-11: Building] INFO  o.a.m.s.f.DefaultMavenResourcesFiltering - skip non existing resourceDirectory D:\sts_workspace\microservices\eureka_service\eureka_service\src\test\resources
2023-03-21 06:04:59,080 [Worker-11: Building] INFO  o.a.m.s.f.DefaultMavenResourcesFiltering - Copying 1 resource
2023-03-21 06:04:59,083 [Worker-11: Building] INFO  o.a.m.s.f.DefaultMavenResourcesFiltering - Copying 0 resource
2023-03-21 06:04:59,087 [Worker-11: Building] INFO  o.a.m.s.f.DefaultMavenResourcesFiltering - skip non existing resourceDirectory D:\sts_workspace\microservices\eureka_service\eureka_service\src\test\resources
2023-03-21 16:24:56,838 [Worker-240: Building] INFO  o.a.m.s.f.DefaultMavenResourcesFiltering - Copying 1 resource
2023-03-21 16:24:56,987 [Worker-240: Building] INFO  o.a.m.s.f.DefaultMavenResourcesFiltering - Copying 1 resource
2023-03-21 16:24:56,990 [Worker-240: Building] INFO  o.a.m.s.f.DefaultMavenResourcesFiltering - skip non existing resourceDirectory D:\sts_workspace\microservices\eureka_service\eureka_service\src\test\resources
2023-03-21 16:26:55,537 [Worker-233: Building] INFO  o.a.m.s.f.DefaultMavenResourcesFiltering - Copying 1 resource
2023-03-21 16:26:55,545 [Worker-233: Building] INFO  o.a.m.s.f.DefaultMavenResourcesFiltering - Copying 0 resource
2023-03-21 16:26:55,548 [Worker-233: Building] INFO  o.a.m.s.f.DefaultMavenResourcesFiltering - skip non existing resourceDirectory D:\sts_workspace\microservices\eureka_service\eureka_service\src\test\resources
2023-03-21 16:27:14,446 [Worker-240: Building] INFO  o.a.m.s.f.DefaultMavenResourcesFiltering - Copying 1 resource
2023-03-21 16:27:14,460 [Worker-240: Building] INFO  o.a.m.s.f.DefaultMavenResourcesFiltering - Copying 0 resource
2023-03-21 16:27:14,464 [Worker-240: Building] INFO  o.a.m.s.f.DefaultMavenResourcesFiltering - skip non existing resourceDirectory D:\sts_workspace\microservices\eureka_service\eureka_service\src\test\resources
2023-03-23 11:48:00,675 [Worker-2: Loading available Gradle versions] INFO  o.e.b.c.i.u.g.PublishedGradleVersions - Gradle version information cache is up-to-date. Trying to read.
2023-03-25 03:31:26,658 [Worker-529: Building] INFO  o.a.m.s.f.DefaultMavenResourcesFiltering - Copying 1 resource
2023-03-25 03:31:27,110 [Worker-529: Building] INFO  o.a.m.s.f.DefaultMavenResourcesFiltering - Copying 1 resource
2023-03-25 03:31:27,115 [Worker-529: Building] INFO  o.a.m.s.f.DefaultMavenResourcesFiltering - skip non existing resourceDirectory D:\sts_workspace\microservices\eureka_service\eureka_service\src\test\resources
