2023-03-09 20:06:34,170 [Worker-6: Loading available Gradle versions] INFO  o.e.b.c.i.u.g.PublishedGradleVersions - Gradle version information cache is up-to-date. Trying to read.
2023-03-09 20:06:57,787 [Worker-9: Importing Maven projects] INFO  o.e.m.c.i.l.LifecycleMappingFactory - Using org.eclipse.m2e.jdt.JarLifecycleMapping lifecycle mapping for MavenProject: com.contact:contact_service:0.0.1-SNAPSHOT @ D:\sts_workspace\microservices\contact_service\contact_service\pom.xml.
2023-03-09 20:06:58,730 [Worker-9: Importing Maven projects] INFO  o.e.m.j.i.AbstractJavaProjectConfigurator - Adding source folder /contact_service/src/main/java
2023-03-09 20:06:58,730 [Worker-9: Importing Maven projects] INFO  o.e.m.j.i.AbstractJavaProjectConfigurator - Adding resource folder /contact_service/src/main/resources
2023-03-09 20:06:58,738 [Worker-9: Importing Maven projects] INFO  o.e.m.j.i.AbstractJavaProjectConfigurator - Adding resource folder /contact_service/src/main/resources
2023-03-09 20:06:58,746 [Worker-9: Importing Maven projects] INFO  o.e.m.j.i.AbstractJavaProjectConfigurator - Adding source folder /contact_service/src/test/java
2023-03-09 20:06:59,487 [Worker-9: Importing Maven projects] ERROR o.e.m.j.i.AbstractJavaProjectConfigurator - Failed to find a compatible VM for environment id 'JavaSE-19', falling back to workspace default
2023-03-09 20:07:00,161 [Worker-9: Importing Maven projects] INFO  o.e.m.c.i.p.ProjectConfigurationManager - Imported and configured 1 project(s) in 3 sec
2023-03-09 20:07:01,806 [Worker-1: Building] INFO  o.a.m.s.f.DefaultMavenResourcesFiltering - Copying 1 resource
2023-03-09 20:07:01,851 [Worker-1: Building] INFO  o.a.m.s.f.DefaultMavenResourcesFiltering - Copying 0 resource
2023-03-09 20:07:01,856 [Worker-1: Building] INFO  o.a.m.s.f.DefaultMavenResourcesFiltering - skip non existing resourceDirectory D:\sts_workspace\microservices\contact_service\contact_service\src\test\resources
2023-03-09 20:07:27,581 [Worker-2: Building] INFO  o.a.m.s.f.DefaultMavenResourcesFiltering - Copying 1 resource
2023-03-09 20:07:27,583 [Worker-2: Building] INFO  o.a.m.s.f.DefaultMavenResourcesFiltering - Copying 0 resource
2023-03-09 20:07:27,586 [Worker-2: Building] INFO  o.a.m.s.f.DefaultMavenResourcesFiltering - skip non existing resourceDirectory D:\sts_workspace\microservices\contact_service\contact_service\src\test\resources
2023-03-09 20:07:33,454 [Worker-13: Building] INFO  o.a.m.s.f.DefaultMavenResourcesFiltering - Copying 1 resource
2023-03-09 20:07:33,455 [Worker-13: Building] INFO  o.a.m.s.f.DefaultMavenResourcesFiltering - Copying 0 resource
2023-03-09 20:07:33,458 [Worker-13: Building] INFO  o.a.m.s.f.DefaultMavenResourcesFiltering - skip non existing resourceDirectory D:\sts_workspace\microservices\contact_service\contact_service\src\test\resources
2023-03-09 20:08:29,496 [Worker-5: Building] INFO  o.a.m.s.f.DefaultMavenResourcesFiltering - Copying 1 resource
2023-03-09 20:08:29,498 [Worker-5: Building] INFO  o.a.m.s.f.DefaultMavenResourcesFiltering - Copying 0 resource
2023-03-09 20:08:29,501 [Worker-5: Building] INFO  o.a.m.s.f.DefaultMavenResourcesFiltering - skip non existing resourceDirectory D:\sts_workspace\microservices\contact_service\contact_service\src\test\resources
2023-03-09 20:08:42,652 [Worker-2: Updating Maven Project] INFO  o.e.m.c.i.p.ProjectConfigurationManager - Update started
2023-03-09 20:08:43,036 [Worker-2: Updating Maven Project] INFO  o.e.m.c.i.l.LifecycleMappingFactory - Using org.eclipse.m2e.jdt.JarLifecycleMapping lifecycle mapping for MavenProject: com.contact:contact_service:0.0.1-SNAPSHOT @ D:\sts_workspace\microservices\contact_service\contact_service\pom.xml.
2023-03-09 20:08:43,365 [Worker-2: Updating Maven Project] INFO  o.e.m.j.i.AbstractJavaProjectConfigurator - Adding source folder /contact_service/src/main/java
2023-03-09 20:08:43,366 [Worker-2: Updating Maven Project] INFO  o.e.m.j.i.AbstractJavaProjectConfigurator - Adding resource folder /contact_service/src/main/resources
2023-03-09 20:08:43,367 [Worker-2: Updating Maven Project] INFO  o.e.m.j.i.AbstractJavaProjectConfigurator - Adding resource folder /contact_service/src/main/resources
2023-03-09 20:08:43,368 [Worker-2: Updating Maven Project] INFO  o.e.m.j.i.AbstractJavaProjectConfigurator - Adding source folder /contact_service/src/test/java
2023-03-09 20:08:43,607 [Worker-2: Updating Maven Project] INFO  o.e.m.c.i.p.ProjectConfigurationManager - Update completed for 1 poms: local refresh takes 0.00 sec, refresh facades takes 0.00 sec, update config takes 0.00 sec 
2023-03-09 20:08:43,853 [Worker-5: Building] INFO  o.a.m.s.f.DefaultMavenResourcesFiltering - Copying 1 resource
2023-03-09 20:08:43,871 [Worker-5: Building] INFO  o.a.m.s.f.DefaultMavenResourcesFiltering - Copying 0 resource
2023-03-09 20:08:43,875 [Worker-5: Building] INFO  o.a.m.s.f.DefaultMavenResourcesFiltering - skip non existing resourceDirectory D:\sts_workspace\microservices\contact_service\contact_service\src\test\resources
2023-03-09 20:09:41,074 [Worker-7: Building] INFO  o.a.m.s.f.DefaultMavenResourcesFiltering - Copying 1 resource
2023-03-09 20:09:41,079 [Worker-7: Building] INFO  o.a.m.s.f.DefaultMavenResourcesFiltering - Copying 0 resource
2023-03-09 20:09:41,082 [Worker-7: Building] INFO  o.a.m.s.f.DefaultMavenResourcesFiltering - skip non existing resourceDirectory D:\sts_workspace\microservices\contact_service\contact_service\src\test\resources
2023-03-09 20:09:51,273 [Worker-11: Updating Maven Project] INFO  o.e.m.c.i.p.ProjectConfigurationManager - Update started
2023-03-09 20:09:51,596 [Worker-11: Updating Maven Project] INFO  o.e.m.c.i.l.LifecycleMappingFactory - Using org.eclipse.m2e.jdt.JarLifecycleMapping lifecycle mapping for MavenProject: com.contact:contact_service:0.0.1-SNAPSHOT @ D:\sts_workspace\microservices\contact_service\contact_service\pom.xml.
2023-03-09 20:09:51,886 [Worker-11: Updating Maven Project] INFO  o.e.m.j.i.AbstractJavaProjectConfigurator - Adding source folder /contact_service/src/main/java
2023-03-09 20:09:51,886 [Worker-11: Updating Maven Project] INFO  o.e.m.j.i.AbstractJavaProjectConfigurator - Adding resource folder /contact_service/src/main/resources
2023-03-09 20:09:51,887 [Worker-11: Updating Maven Project] INFO  o.e.m.j.i.AbstractJavaProjectConfigurator - Adding resource folder /contact_service/src/main/resources
2023-03-09 20:09:51,887 [Worker-11: Updating Maven Project] INFO  o.e.m.j.i.AbstractJavaProjectConfigurator - Adding source folder /contact_service/src/test/java
2023-03-09 20:09:52,073 [Worker-11: Updating Maven Project] INFO  o.e.m.c.i.p.ProjectConfigurationManager - Update completed for 1 poms: local refresh takes 0.00 sec, refresh facades takes 0.00 sec, update config takes 0.00 sec 
2023-03-09 20:09:52,309 [Worker-11: Building] INFO  o.a.m.s.f.DefaultMavenResourcesFiltering - Copying 1 resource
2023-03-09 20:09:52,325 [Worker-11: Building] INFO  o.a.m.s.f.DefaultMavenResourcesFiltering - Copying 0 resource
2023-03-09 20:09:52,328 [Worker-11: Building] INFO  o.a.m.s.f.DefaultMavenResourcesFiltering - skip non existing resourceDirectory D:\sts_workspace\microservices\contact_service\contact_service\src\test\resources
2023-03-21 00:31:54,385 [Worker-0: Loading available Gradle versions] INFO  o.e.b.c.i.u.g.PublishedGradleVersions - Gradle version information cache is up-to-date. Trying to read.
2023-03-21 06:02:57,106 [Worker-1: Loading available Gradle versions] INFO  o.e.b.c.i.u.g.PublishedGradleVersions - Gradle version information cache is up-to-date. Trying to read.
2023-03-21 06:03:48,987 [Worker-8: Launching contact_service - ContactServiceApplication] INFO  o.a.m.s.f.DefaultMavenResourcesFiltering - Copying 1 resource
2023-03-21 06:03:49,008 [Worker-8: Launching contact_service - ContactServiceApplication] INFO  o.a.m.s.f.DefaultMavenResourcesFiltering - Copying 0 resource
2023-03-21 06:03:49,014 [Worker-8: Launching contact_service - ContactServiceApplication] INFO  o.a.m.s.f.DefaultMavenResourcesFiltering - skip non existing resourceDirectory D:\sts_workspace\microservices\contact_service\contact_service\src\test\resources
2023-03-21 06:19:02,729 [Worker-4: Building] INFO  o.e.m.c.i.l.LifecycleMappingFactory - Using org.eclipse.m2e.jdt.JarLifecycleMapping lifecycle mapping for MavenProject: com.contact:contact_service:0.0.1-SNAPSHOT @ D:\sts_workspace\microservices\contact_service\contact_service\pom.xml.
2023-03-21 06:19:04,255 [Worker-4: Building] INFO  o.a.m.s.f.DefaultMavenResourcesFiltering - Copying 0 resource
2023-03-21 06:19:04,255 [Worker-4: Building] INFO  o.a.m.s.f.DefaultMavenResourcesFiltering - Copying 0 resource
2023-03-21 06:19:04,259 [Worker-4: Building] INFO  o.a.m.s.f.DefaultMavenResourcesFiltering - skip non existing resourceDirectory D:\sts_workspace\microservices\contact_service\contact_service\src\test\resources
2023-03-21 06:19:05,127 [Worker-3: Launching contact_service - ContactServiceApplication] INFO  o.a.m.s.f.DefaultMavenResourcesFiltering - Copying 1 resource
2023-03-21 06:19:05,149 [Worker-3: Launching contact_service - ContactServiceApplication] INFO  o.a.m.s.f.DefaultMavenResourcesFiltering - Copying 0 resource
2023-03-21 06:19:05,152 [Worker-3: Launching contact_service - ContactServiceApplication] INFO  o.a.m.s.f.DefaultMavenResourcesFiltering - skip non existing resourceDirectory D:\sts_workspace\microservices\contact_service\contact_service\src\test\resources
2023-03-21 06:25:26,900 [Worker-14: Building] INFO  o.e.m.c.i.l.LifecycleMappingFactory - Using org.eclipse.m2e.jdt.JarLifecycleMapping lifecycle mapping for MavenProject: com.contact:contact_service:0.0.1-SNAPSHOT @ D:\sts_workspace\microservices\contact_service\contact_service\pom.xml.
2023-03-21 06:25:27,542 [Worker-14: Building] INFO  o.a.m.s.f.DefaultMavenResourcesFiltering - Copying 0 resource
2023-03-21 06:25:27,542 [Worker-14: Building] INFO  o.a.m.s.f.DefaultMavenResourcesFiltering - Copying 0 resource
2023-03-21 06:25:27,545 [Worker-14: Building] INFO  o.a.m.s.f.DefaultMavenResourcesFiltering - skip non existing resourceDirectory D:\sts_workspace\microservices\contact_service\contact_service\src\test\resources
2023-03-21 06:25:29,385 [Worker-4: Building] INFO  o.a.m.s.f.DefaultMavenResourcesFiltering - Copying 1 resource
2023-03-21 06:25:29,407 [Worker-4: Building] INFO  o.a.m.s.f.DefaultMavenResourcesFiltering - Copying 0 resource
2023-03-21 06:25:29,411 [Worker-4: Building] INFO  o.a.m.s.f.DefaultMavenResourcesFiltering - skip non existing resourceDirectory D:\sts_workspace\microservices\contact_service\contact_service\src\test\resources
2023-03-21 06:28:54,002 [Worker-16: Building] INFO  o.a.m.s.f.DefaultMavenResourcesFiltering - Copying 1 resource
2023-03-21 06:28:54,006 [Worker-16: Building] INFO  o.a.m.s.f.DefaultMavenResourcesFiltering - Copying 0 resource
2023-03-21 06:28:54,009 [Worker-16: Building] INFO  o.a.m.s.f.DefaultMavenResourcesFiltering - skip non existing resourceDirectory D:\sts_workspace\microservices\contact_service\contact_service\src\test\resources
2023-03-21 16:18:25,865 [Worker-21: Building] INFO  o.e.m.c.i.l.LifecycleMappingFactory - Using org.eclipse.m2e.jdt.JarLifecycleMapping lifecycle mapping for MavenProject: com.contact:contact_service:0.0.1-SNAPSHOT @ D:\sts_workspace\microservices\contact_service\contact_service\pom.xml.
2023-03-21 16:18:26,662 [Worker-21: Building] INFO  o.a.m.s.f.DefaultMavenResourcesFiltering - Copying 0 resource
2023-03-21 16:18:26,663 [Worker-21: Building] INFO  o.a.m.s.f.DefaultMavenResourcesFiltering - Copying 0 resource
2023-03-21 16:18:26,666 [Worker-21: Building] INFO  o.a.m.s.f.DefaultMavenResourcesFiltering - skip non existing resourceDirectory D:\sts_workspace\microservices\contact_service\contact_service\src\test\resources
2023-03-21 16:18:28,964 [Worker-22: Building] INFO  o.a.m.s.f.DefaultMavenResourcesFiltering - Copying 1 resource
2023-03-21 16:18:28,990 [Worker-22: Building] INFO  o.a.m.s.f.DefaultMavenResourcesFiltering - Copying 0 resource
2023-03-21 16:18:28,993 [Worker-22: Building] INFO  o.a.m.s.f.DefaultMavenResourcesFiltering - skip non existing resourceDirectory D:\sts_workspace\microservices\contact_service\contact_service\src\test\resources
2023-03-21 16:18:47,827 [Worker-24: Building] INFO  o.a.m.s.f.DefaultMavenResourcesFiltering - Copying 1 resource
2023-03-21 16:18:48,045 [Worker-24: Building] INFO  o.a.m.s.f.DefaultMavenResourcesFiltering - Copying 0 resource
2023-03-21 16:18:48,050 [Worker-24: Building] INFO  o.a.m.s.f.DefaultMavenResourcesFiltering - skip non existing resourceDirectory D:\sts_workspace\microservices\contact_service\contact_service\src\test\resources
2023-03-21 16:19:16,112 [Worker-12: Updating Maven Project] INFO  o.e.m.c.i.p.ProjectConfigurationManager - Update started
2023-03-21 16:19:16,494 [Worker-12: Updating Maven Project] INFO  o.e.m.c.i.l.LifecycleMappingFactory - Using org.eclipse.m2e.jdt.JarLifecycleMapping lifecycle mapping for MavenProject: com.contact:contact_service:0.0.1-SNAPSHOT @ D:\sts_workspace\microservices\contact_service\contact_service\pom.xml.
2023-03-21 16:19:16,957 [Worker-12: Updating Maven Project] INFO  o.e.m.j.i.AbstractJavaProjectConfigurator - Adding source folder /contact_service/src/main/java
2023-03-21 16:19:16,958 [Worker-12: Updating Maven Project] INFO  o.e.m.j.i.AbstractJavaProjectConfigurator - Adding resource folder /contact_service/src/main/resources
2023-03-21 16:19:16,959 [Worker-12: Updating Maven Project] INFO  o.e.m.j.i.AbstractJavaProjectConfigurator - Adding resource folder /contact_service/src/main/resources
2023-03-21 16:19:16,959 [Worker-12: Updating Maven Project] INFO  o.e.m.j.i.AbstractJavaProjectConfigurator - Adding source folder /contact_service/src/test/java
2023-03-21 16:19:17,397 [Worker-12: Updating Maven Project] INFO  o.e.m.c.i.p.ProjectConfigurationManager - Update completed for 1 poms: local refresh takes 0.00 sec, refresh facades takes 0.00 sec, update config takes 0.00 sec 
2023-03-21 16:19:17,627 [Worker-22: Building] INFO  o.a.m.s.f.DefaultMavenResourcesFiltering - Copying 1 resource
2023-03-21 16:19:17,646 [Worker-22: Building] INFO  o.a.m.s.f.DefaultMavenResourcesFiltering - Copying 0 resource
2023-03-21 16:19:17,649 [Worker-22: Building] INFO  o.a.m.s.f.DefaultMavenResourcesFiltering - skip non existing resourceDirectory D:\sts_workspace\microservices\contact_service\contact_service\src\test\resources
2023-03-21 16:39:46,237 [Worker-12: Building] INFO  o.e.m.c.i.l.LifecycleMappingFactory - Using org.eclipse.m2e.jdt.JarLifecycleMapping lifecycle mapping for MavenProject: com.contact:contact_service:0.0.1-SNAPSHOT @ D:\sts_workspace\microservices\contact_service\contact_service\pom.xml.
2023-03-21 16:39:47,282 [Worker-12: Building] INFO  o.a.m.s.f.DefaultMavenResourcesFiltering - Copying 0 resource
2023-03-21 16:39:47,282 [Worker-12: Building] INFO  o.a.m.s.f.DefaultMavenResourcesFiltering - Copying 0 resource
2023-03-21 16:39:47,285 [Worker-12: Building] INFO  o.a.m.s.f.DefaultMavenResourcesFiltering - skip non existing resourceDirectory D:\sts_workspace\microservices\contact_service\contact_service\src\test\resources
2023-03-21 16:39:50,197 [Worker-28: Building] INFO  o.a.m.s.f.DefaultMavenResourcesFiltering - Copying 1 resource
2023-03-21 16:39:50,226 [Worker-28: Building] INFO  o.a.m.s.f.DefaultMavenResourcesFiltering - Copying 0 resource
2023-03-21 16:39:50,230 [Worker-28: Building] INFO  o.a.m.s.f.DefaultMavenResourcesFiltering - skip non existing resourceDirectory D:\sts_workspace\microservices\contact_service\contact_service\src\test\resources
2023-03-21 16:39:56,415 [Worker-28: Updating Maven Project] INFO  o.e.m.c.i.p.ProjectConfigurationManager - Update started
2023-03-21 16:39:56,743 [Worker-28: Updating Maven Project] INFO  o.e.m.c.i.l.LifecycleMappingFactory - Using org.eclipse.m2e.jdt.JarLifecycleMapping lifecycle mapping for MavenProject: com.contact:contact_service:0.0.1-SNAPSHOT @ D:\sts_workspace\microservices\contact_service\contact_service\pom.xml.
2023-03-21 16:39:57,328 [Worker-28: Updating Maven Project] INFO  o.e.m.j.i.AbstractJavaProjectConfigurator - Adding source folder /contact_service/src/main/java
2023-03-21 16:39:57,329 [Worker-28: Updating Maven Project] INFO  o.e.m.j.i.AbstractJavaProjectConfigurator - Adding resource folder /contact_service/src/main/resources
2023-03-21 16:39:57,329 [Worker-28: Updating Maven Project] INFO  o.e.m.j.i.AbstractJavaProjectConfigurator - Adding resource folder /contact_service/src/main/resources
2023-03-21 16:39:57,329 [Worker-28: Updating Maven Project] INFO  o.e.m.j.i.AbstractJavaProjectConfigurator - Adding source folder /contact_service/src/test/java
2023-03-21 16:39:57,835 [Worker-28: Updating Maven Project] INFO  o.e.m.c.i.p.ProjectConfigurationManager - Update completed for 1 poms: local refresh takes 0.00 sec, refresh facades takes 0.00 sec, update config takes 0.00 sec 
2023-03-21 16:39:58,178 [Worker-12: Building] INFO  o.a.m.s.f.DefaultMavenResourcesFiltering - Copying 1 resource
2023-03-21 16:39:58,199 [Worker-12: Building] INFO  o.a.m.s.f.DefaultMavenResourcesFiltering - Copying 0 resource
2023-03-21 16:39:58,201 [Worker-12: Building] INFO  o.a.m.s.f.DefaultMavenResourcesFiltering - skip non existing resourceDirectory D:\sts_workspace\microservices\contact_service\contact_service\src\test\resources
2023-03-21 16:45:22,252 [Worker-30: Building] INFO  o.a.m.s.f.DefaultMavenResourcesFiltering - Copying 1 resource
2023-03-21 16:45:22,388 [Worker-30: Building] INFO  o.a.m.s.f.DefaultMavenResourcesFiltering - Copying 0 resource
2023-03-21 16:45:22,393 [Worker-30: Building] INFO  o.a.m.s.f.DefaultMavenResourcesFiltering - skip non existing resourceDirectory D:\sts_workspace\microservices\contact_service\contact_service\src\test\resources
2023-03-21 16:55:22,283 [Worker-35: Building] INFO  o.a.m.s.f.DefaultMavenResourcesFiltering - Copying 1 resource
2023-03-21 16:55:22,376 [Worker-35: Building] INFO  o.a.m.s.f.DefaultMavenResourcesFiltering - Copying 0 resource
2023-03-21 16:55:22,381 [Worker-35: Building] INFO  o.a.m.s.f.DefaultMavenResourcesFiltering - skip non existing resourceDirectory D:\sts_workspace\microservices\contact_service\contact_service\src\test\resources
2023-03-24 05:00:44,778 [Worker-1: Loading available Gradle versions] INFO  o.e.b.c.i.u.g.PublishedGradleVersions - Gradle version information cache is up-to-date. Trying to read.
